{"/Users/nathan/Documents/code/fydemy/packages/cms/packages/core/src/index.ts": {"path":"/Users/nathan/Documents/code/fydemy/packages/cms/packages/core/src/index.ts","all":true,"statementMap":{"0":{"start":{"line":1,"column":0},"end":{"line":1,"column":21}},"1":{"start":{"line":2,"column":0},"end":{"line":2,"column":8}},"2":{"start":{"line":3,"column":0},"end":{"line":3,"column":21}},"3":{"start":{"line":4,"column":0},"end":{"line":4,"column":22}},"4":{"start":{"line":5,"column":0},"end":{"line":5,"column":24}},"5":{"start":{"line":6,"column":0},"end":{"line":6,"column":20}},"6":{"start":{"line":7,"column":0},"end":{"line":7,"column":21}},"7":{"start":{"line":8,"column":0},"end":{"line":8,"column":16}},"8":{"start":{"line":9,"column":0},"end":{"line":9,"column":20}},"9":{"start":{"line":10,"column":0},"end":{"line":10,"column":28}},"10":{"start":{"line":11,"column":0},"end":{"line":11,"column":0}},"11":{"start":{"line":12,"column":0},"end":{"line":12,"column":55}},"12":{"start":{"line":13,"column":0},"end":{"line":13,"column":0}},"13":{"start":{"line":14,"column":0},"end":{"line":14,"column":52}},"14":{"start":{"line":15,"column":0},"end":{"line":15,"column":0}},"15":{"start":{"line":16,"column":0},"end":{"line":16,"column":8}},"16":{"start":{"line":17,"column":0},"end":{"line":17,"column":21}},"17":{"start":{"line":18,"column":0},"end":{"line":18,"column":20}},"18":{"start":{"line":19,"column":0},"end":{"line":19,"column":17}},"19":{"start":{"line":20,"column":0},"end":{"line":20,"column":30}},"20":{"start":{"line":21,"column":0},"end":{"line":21,"column":0}},"21":{"start":{"line":22,"column":0},"end":{"line":22,"column":59}},"22":{"start":{"line":23,"column":0},"end":{"line":23,"column":0}},"23":{"start":{"line":24,"column":0},"end":{"line":24,"column":46}},"24":{"start":{"line":25,"column":0},"end":{"line":25,"column":0}},"25":{"start":{"line":26,"column":0},"end":{"line":26,"column":8}},"26":{"start":{"line":27,"column":0},"end":{"line":27,"column":15}},"27":{"start":{"line":28,"column":0},"end":{"line":28,"column":16}},"28":{"start":{"line":29,"column":0},"end":{"line":29,"column":21}},"29":{"start":{"line":30,"column":0},"end":{"line":30,"column":27}},"30":{"start":{"line":31,"column":0},"end":{"line":31,"column":0}},"31":{"start":{"line":32,"column":0},"end":{"line":32,"column":68}},"32":{"start":{"line":33,"column":0},"end":{"line":33,"column":0}},"33":{"start":{"line":34,"column":0},"end":{"line":34,"column":17}},"34":{"start":{"line":35,"column":0},"end":{"line":35,"column":8}},"35":{"start":{"line":36,"column":0},"end":{"line":36,"column":16}},"36":{"start":{"line":37,"column":0},"end":{"line":37,"column":16}},"37":{"start":{"line":38,"column":0},"end":{"line":38,"column":24}},"38":{"start":{"line":39,"column":0},"end":{"line":39,"column":19}},"39":{"start":{"line":40,"column":0},"end":{"line":40,"column":21}},"40":{"start":{"line":41,"column":0},"end":{"line":41,"column":24}},"41":{"start":{"line":42,"column":0},"end":{"line":42,"column":0}},"42":{"start":{"line":43,"column":0},"end":{"line":43,"column":51}},"43":{"start":{"line":44,"column":0},"end":{"line":44,"column":0}},"44":{"start":{"line":45,"column":0},"end":{"line":45,"column":15}},"45":{"start":{"line":46,"column":0},"end":{"line":46,"column":8}},"46":{"start":{"line":47,"column":0},"end":{"line":47,"column":14}},"47":{"start":{"line":48,"column":0},"end":{"line":48,"column":15}},"48":{"start":{"line":49,"column":0},"end":{"line":49,"column":19}},"49":{"start":{"line":50,"column":0},"end":{"line":50,"column":20}},"50":{"start":{"line":51,"column":0},"end":{"line":51,"column":22}},"51":{"start":{"line":52,"column":0},"end":{"line":52,"column":18}},"52":{"start":{"line":53,"column":0},"end":{"line":53,"column":27}},"53":{"start":{"line":54,"column":0},"end":{"line":54,"column":24}},"54":{"start":{"line":55,"column":0},"end":{"line":55,"column":24}},"55":{"start":{"line":56,"column":0},"end":{"line":56,"column":0}},"56":{"start":{"line":57,"column":0},"end":{"line":57,"column":44}},"57":{"start":{"line":58,"column":0},"end":{"line":58,"column":0}},"58":{"start":{"line":59,"column":0},"end":{"line":59,"column":13}},"59":{"start":{"line":60,"column":0},"end":{"line":60,"column":57}},"60":{"start":{"line":61,"column":0},"end":{"line":61,"column":0}},"61":{"start":{"line":62,"column":0},"end":{"line":62,"column":13}},"62":{"start":{"line":63,"column":0},"end":{"line":63,"column":39}},"63":{"start":{"line":64,"column":0},"end":{"line":64,"column":50}},"64":{"start":{"line":65,"column":0},"end":{"line":65,"column":0}},"65":{"start":{"line":66,"column":0},"end":{"line":66,"column":33}},"66":{"start":{"line":67,"column":0},"end":{"line":67,"column":8}},"67":{"start":{"line":68,"column":0},"end":{"line":68,"column":19}},"68":{"start":{"line":69,"column":0},"end":{"line":69,"column":19}},"69":{"start":{"line":70,"column":0},"end":{"line":70,"column":19}},"70":{"start":{"line":71,"column":0},"end":{"line":71,"column":19}},"71":{"start":{"line":72,"column":0},"end":{"line":72,"column":22}},"72":{"start":{"line":73,"column":0},"end":{"line":73,"column":22}},"73":{"start":{"line":74,"column":0},"end":{"line":74,"column":22}},"74":{"start":{"line":75,"column":0},"end":{"line":75,"column":16}},"75":{"start":{"line":76,"column":0},"end":{"line":76,"column":28}},"76":{"start":{"line":77,"column":0},"end":{"line":77,"column":0}},"77":{"start":{"line":78,"column":0},"end":{"line":78,"column":8}},"78":{"start":{"line":79,"column":0},"end":{"line":79,"column":17}},"79":{"start":{"line":80,"column":0},"end":{"line":80,"column":21}},"80":{"start":{"line":81,"column":0},"end":{"line":81,"column":17}},"81":{"start":{"line":82,"column":0},"end":{"line":82,"column":28}}},"s":{"0":0,"1":0,"2":0,"3":0,"4":0,"5":0,"6":0,"7":0,"8":0,"9":0,"10":0,"11":0,"12":0,"13":0,"14":0,"15":0,"16":0,"17":0,"18":0,"19":0,"20":0,"21":0,"22":0,"23":0,"24":0,"25":0,"26":0,"27":0,"28":0,"29":0,"30":0,"31":0,"32":0,"33":0,"34":0,"35":0,"36":0,"37":0,"38":0,"39":0,"40":0,"41":0,"42":0,"43":0,"44":0,"45":0,"46":0,"47":0,"48":0,"49":0,"50":0,"51":0,"52":0,"53":0,"54":0,"55":0,"56":0,"57":0,"58":0,"59":0,"60":0,"61":0,"62":0,"63":0,"64":0,"65":0,"66":0,"67":0,"68":0,"69":0,"70":0,"71":0,"72":0,"73":0,"74":0,"75":0,"76":0,"77":0,"78":0,"79":0,"80":0,"81":0},"branchMap":{"0":{"type":"branch","line":1,"loc":{"start":{"line":1,"column":1681},"end":{"line":82,"column":28}},"locations":[{"start":{"line":1,"column":1681},"end":{"line":82,"column":28}}]}},"b":{"0":[0]},"fnMap":{"0":{"name":"(empty-report)","decl":{"start":{"line":1,"column":1681},"end":{"line":82,"column":28}},"loc":{"start":{"line":1,"column":1681},"end":{"line":82,"column":28}},"line":1}},"f":{"0":0}}
,"/Users/nathan/Documents/code/fydemy/packages/cms/packages/core/src/api/handlers.ts": {"path":"/Users/nathan/Documents/code/fydemy/packages/cms/packages/core/src/api/handlers.ts","all":true,"statementMap":{"0":{"start":{"line":1,"column":0},"end":{"line":1,"column":56}},"1":{"start":{"line":2,"column":0},"end":{"line":2,"column":52}},"2":{"start":{"line":3,"column":0},"end":{"line":3,"column":71}},"3":{"start":{"line":4,"column":0},"end":{"line":4,"column":8}},"4":{"start":{"line":5,"column":0},"end":{"line":5,"column":21}},"5":{"start":{"line":6,"column":0},"end":{"line":6,"column":22}},"6":{"start":{"line":7,"column":0},"end":{"line":7,"column":24}},"7":{"start":{"line":8,"column":0},"end":{"line":8,"column":29}},"8":{"start":{"line":9,"column":0},"end":{"line":9,"column":53}},"9":{"start":{"line":10,"column":0},"end":{"line":10,"column":0}},"10":{"start":{"line":11,"column":0},"end":{"line":11,"column":3}},"11":{"start":{"line":12,"column":0},"end":{"line":12,"column":36}},"12":{"start":{"line":13,"column":0},"end":{"line":13,"column":3}},"13":{"start":{"line":14,"column":0},"end":{"line":14,"column":57}},"14":{"start":{"line":15,"column":0},"end":{"line":15,"column":7}},"15":{"start":{"line":16,"column":0},"end":{"line":16,"column":39}},"16":{"start":{"line":17,"column":0},"end":{"line":17,"column":14}},"17":{"start":{"line":18,"column":0},"end":{"line":18,"column":62}},"18":{"start":{"line":19,"column":0},"end":{"line":19,"column":41}},"19":{"start":{"line":20,"column":0},"end":{"line":20,"column":16}},"20":{"start":{"line":21,"column":0},"end":{"line":21,"column":0}},"21":{"start":{"line":22,"column":0},"end":{"line":22,"column":23}},"22":{"start":{"line":23,"column":0},"end":{"line":23,"column":80}},"23":{"start":{"line":24,"column":0},"end":{"line":24,"column":27}},"24":{"start":{"line":25,"column":0},"end":{"line":25,"column":6}},"25":{"start":{"line":26,"column":0},"end":{"line":26,"column":41}},"26":{"start":{"line":27,"column":0},"end":{"line":27,"column":0}},"27":{"start":{"line":28,"column":0},"end":{"line":28,"column":30}},"28":{"start":{"line":29,"column":0},"end":{"line":29,"column":78}},"29":{"start":{"line":30,"column":0},"end":{"line":30,"column":31}},"30":{"start":{"line":31,"column":0},"end":{"line":31,"column":9}},"31":{"start":{"line":32,"column":0},"end":{"line":32,"column":68}},"32":{"start":{"line":33,"column":0},"end":{"line":33,"column":21}},"33":{"start":{"line":34,"column":0},"end":{"line":34,"column":10}},"34":{"start":{"line":35,"column":0},"end":{"line":35,"column":9}},"35":{"start":{"line":36,"column":0},"end":{"line":36,"column":22}},"36":{"start":{"line":37,"column":0},"end":{"line":37,"column":20}},"37":{"start":{"line":38,"column":0},"end":{"line":38,"column":49}},"38":{"start":{"line":39,"column":0},"end":{"line":39,"column":12}},"39":{"start":{"line":40,"column":0},"end":{"line":40,"column":9}},"40":{"start":{"line":41,"column":0},"end":{"line":41,"column":8}},"41":{"start":{"line":42,"column":0},"end":{"line":42,"column":5}},"42":{"start":{"line":43,"column":0},"end":{"line":43,"column":0}},"43":{"start":{"line":44,"column":0},"end":{"line":44,"column":44}},"44":{"start":{"line":45,"column":0},"end":{"line":45,"column":24}},"45":{"start":{"line":46,"column":0},"end":{"line":46,"column":24}},"46":{"start":{"line":47,"column":0},"end":{"line":47,"column":6}},"47":{"start":{"line":48,"column":0},"end":{"line":48,"column":40}},"48":{"start":{"line":49,"column":0},"end":{"line":49,"column":0}},"49":{"start":{"line":50,"column":0},"end":{"line":50,"column":33}},"50":{"start":{"line":51,"column":0},"end":{"line":51,"column":31}},"51":{"start":{"line":52,"column":0},"end":{"line":52,"column":56}},"52":{"start":{"line":53,"column":0},"end":{"line":53,"column":23}},"53":{"start":{"line":54,"column":0},"end":{"line":54,"column":8}},"54":{"start":{"line":55,"column":0},"end":{"line":55,"column":5}},"55":{"start":{"line":56,"column":0},"end":{"line":56,"column":0}},"56":{"start":{"line":57,"column":0},"end":{"line":57,"column":27}},"57":{"start":{"line":58,"column":0},"end":{"line":58,"column":60}},"58":{"start":{"line":59,"column":0},"end":{"line":59,"column":0}},"59":{"start":{"line":60,"column":0},"end":{"line":60,"column":19}},"60":{"start":{"line":61,"column":0},"end":{"line":61,"column":47}},"61":{"start":{"line":62,"column":0},"end":{"line":62,"column":29}},"62":{"start":{"line":63,"column":0},"end":{"line":63,"column":0}},"63":{"start":{"line":64,"column":0},"end":{"line":64,"column":60}},"64":{"start":{"line":65,"column":0},"end":{"line":65,"column":31}},"65":{"start":{"line":66,"column":0},"end":{"line":66,"column":41}},"66":{"start":{"line":67,"column":0},"end":{"line":67,"column":23}},"67":{"start":{"line":68,"column":0},"end":{"line":68,"column":8}},"68":{"start":{"line":69,"column":0},"end":{"line":69,"column":5}},"69":{"start":{"line":70,"column":0},"end":{"line":70,"column":0}},"70":{"start":{"line":71,"column":0},"end":{"line":71,"column":43}},"71":{"start":{"line":72,"column":0},"end":{"line":72,"column":23}},"72":{"start":{"line":73,"column":0},"end":{"line":73,"column":0}},"73":{"start":{"line":74,"column":0},"end":{"line":74,"column":48}},"74":{"start":{"line":75,"column":0},"end":{"line":75,"column":58}},"75":{"start":{"line":76,"column":0},"end":{"line":76,"column":0}},"76":{"start":{"line":77,"column":0},"end":{"line":77,"column":29}},"77":{"start":{"line":78,"column":0},"end":{"line":78,"column":48}},"78":{"start":{"line":79,"column":0},"end":{"line":79,"column":21}},"79":{"start":{"line":80,"column":0},"end":{"line":80,"column":52}},"80":{"start":{"line":81,"column":0},"end":{"line":81,"column":22}},"81":{"start":{"line":82,"column":0},"end":{"line":82,"column":41}},"82":{"start":{"line":83,"column":0},"end":{"line":83,"column":16}},"83":{"start":{"line":84,"column":0},"end":{"line":84,"column":7}},"84":{"start":{"line":85,"column":0},"end":{"line":85,"column":0}},"85":{"start":{"line":86,"column":0},"end":{"line":86,"column":20}},"86":{"start":{"line":87,"column":0},"end":{"line":87,"column":19}},"87":{"start":{"line":88,"column":0},"end":{"line":88,"column":41}},"88":{"start":{"line":89,"column":0},"end":{"line":89,"column":29}},"89":{"start":{"line":90,"column":0},"end":{"line":90,"column":66}},"90":{"start":{"line":91,"column":0},"end":{"line":91,"column":21}},"91":{"start":{"line":92,"column":0},"end":{"line":92,"column":6}},"92":{"start":{"line":93,"column":0},"end":{"line":93,"column":3}},"93":{"start":{"line":94,"column":0},"end":{"line":94,"column":1}},"94":{"start":{"line":95,"column":0},"end":{"line":95,"column":0}},"95":{"start":{"line":96,"column":0},"end":{"line":96,"column":3}},"96":{"start":{"line":97,"column":0},"end":{"line":97,"column":18}},"97":{"start":{"line":98,"column":0},"end":{"line":98,"column":3}},"98":{"start":{"line":99,"column":0},"end":{"line":99,"column":38}},"99":{"start":{"line":100,"column":0},"end":{"line":100,"column":56}},"100":{"start":{"line":101,"column":0},"end":{"line":101,"column":41}},"101":{"start":{"line":102,"column":0},"end":{"line":102,"column":18}},"102":{"start":{"line":103,"column":0},"end":{"line":103,"column":1}},"103":{"start":{"line":104,"column":0},"end":{"line":104,"column":0}},"104":{"start":{"line":105,"column":0},"end":{"line":105,"column":3}},"105":{"start":{"line":106,"column":0},"end":{"line":106,"column":23}},"106":{"start":{"line":107,"column":0},"end":{"line":107,"column":3}},"107":{"start":{"line":108,"column":0},"end":{"line":108,"column":39}},"108":{"start":{"line":109,"column":0},"end":{"line":109,"column":24}},"109":{"start":{"line":110,"column":0},"end":{"line":110,"column":18}},"110":{"start":{"line":111,"column":0},"end":{"line":111,"column":3}},"111":{"start":{"line":112,"column":0},"end":{"line":112,"column":7}},"112":{"start":{"line":113,"column":0},"end":{"line":113,"column":50}},"113":{"start":{"line":114,"column":0},"end":{"line":114,"column":19}},"114":{"start":{"line":115,"column":0},"end":{"line":115,"column":75}},"115":{"start":{"line":116,"column":0},"end":{"line":116,"column":5}},"116":{"start":{"line":117,"column":0},"end":{"line":117,"column":0}},"117":{"start":{"line":118,"column":0},"end":{"line":118,"column":55}},"118":{"start":{"line":119,"column":0},"end":{"line":119,"column":38}},"119":{"start":{"line":120,"column":0},"end":{"line":120,"column":19}},"120":{"start":{"line":121,"column":0},"end":{"line":121,"column":47}},"121":{"start":{"line":122,"column":0},"end":{"line":122,"column":29}},"122":{"start":{"line":123,"column":0},"end":{"line":123,"column":42}},"123":{"start":{"line":124,"column":0},"end":{"line":124,"column":21}},"124":{"start":{"line":125,"column":0},"end":{"line":125,"column":6}},"125":{"start":{"line":126,"column":0},"end":{"line":126,"column":3}},"126":{"start":{"line":127,"column":0},"end":{"line":127,"column":1}},"127":{"start":{"line":128,"column":0},"end":{"line":128,"column":0}},"128":{"start":{"line":129,"column":0},"end":{"line":129,"column":3}},"129":{"start":{"line":130,"column":0},"end":{"line":130,"column":24}},"130":{"start":{"line":131,"column":0},"end":{"line":131,"column":3}},"131":{"start":{"line":132,"column":0},"end":{"line":132,"column":40}},"132":{"start":{"line":133,"column":0},"end":{"line":133,"column":23}},"133":{"start":{"line":134,"column":0},"end":{"line":134,"column":18}},"134":{"start":{"line":135,"column":0},"end":{"line":135,"column":3}},"135":{"start":{"line":136,"column":0},"end":{"line":136,"column":7}},"136":{"start":{"line":137,"column":0},"end":{"line":137,"column":50}},"137":{"start":{"line":138,"column":0},"end":{"line":138,"column":19}},"138":{"start":{"line":139,"column":0},"end":{"line":139,"column":75}},"139":{"start":{"line":140,"column":0},"end":{"line":140,"column":5}},"140":{"start":{"line":141,"column":0},"end":{"line":141,"column":0}},"141":{"start":{"line":142,"column":0},"end":{"line":142,"column":44}},"142":{"start":{"line":143,"column":0},"end":{"line":143,"column":33}},"143":{"start":{"line":144,"column":0},"end":{"line":144,"column":23}},"144":{"start":{"line":145,"column":0},"end":{"line":145,"column":6}},"145":{"start":{"line":146,"column":0},"end":{"line":146,"column":35}},"146":{"start":{"line":147,"column":0},"end":{"line":147,"column":0}},"147":{"start":{"line":148,"column":0},"end":{"line":148,"column":56}},"148":{"start":{"line":149,"column":0},"end":{"line":149,"column":67}},"149":{"start":{"line":150,"column":0},"end":{"line":150,"column":48}},"150":{"start":{"line":151,"column":0},"end":{"line":151,"column":19}},"151":{"start":{"line":152,"column":0},"end":{"line":152,"column":48}},"152":{"start":{"line":153,"column":0},"end":{"line":153,"column":29}},"153":{"start":{"line":154,"column":0},"end":{"line":154,"column":42}},"154":{"start":{"line":155,"column":0},"end":{"line":155,"column":21}},"155":{"start":{"line":156,"column":0},"end":{"line":156,"column":6}},"156":{"start":{"line":157,"column":0},"end":{"line":157,"column":3}},"157":{"start":{"line":158,"column":0},"end":{"line":158,"column":1}},"158":{"start":{"line":159,"column":0},"end":{"line":159,"column":0}},"159":{"start":{"line":160,"column":0},"end":{"line":160,"column":3}},"160":{"start":{"line":161,"column":0},"end":{"line":161,"column":26}},"161":{"start":{"line":162,"column":0},"end":{"line":162,"column":3}},"162":{"start":{"line":163,"column":0},"end":{"line":163,"column":42}},"163":{"start":{"line":164,"column":0},"end":{"line":164,"column":24}},"164":{"start":{"line":165,"column":0},"end":{"line":165,"column":18}},"165":{"start":{"line":166,"column":0},"end":{"line":166,"column":3}},"166":{"start":{"line":167,"column":0},"end":{"line":167,"column":7}},"167":{"start":{"line":168,"column":0},"end":{"line":168,"column":50}},"168":{"start":{"line":169,"column":0},"end":{"line":169,"column":19}},"169":{"start":{"line":170,"column":0},"end":{"line":170,"column":75}},"170":{"start":{"line":171,"column":0},"end":{"line":171,"column":5}},"171":{"start":{"line":172,"column":0},"end":{"line":172,"column":0}},"172":{"start":{"line":173,"column":0},"end":{"line":173,"column":42}},"173":{"start":{"line":174,"column":0},"end":{"line":174,"column":48}},"174":{"start":{"line":175,"column":0},"end":{"line":175,"column":19}},"175":{"start":{"line":176,"column":0},"end":{"line":176,"column":50}},"176":{"start":{"line":177,"column":0},"end":{"line":177,"column":29}},"177":{"start":{"line":178,"column":0},"end":{"line":178,"column":44}},"178":{"start":{"line":179,"column":0},"end":{"line":179,"column":21}},"179":{"start":{"line":180,"column":0},"end":{"line":180,"column":6}},"180":{"start":{"line":181,"column":0},"end":{"line":181,"column":3}},"181":{"start":{"line":182,"column":0},"end":{"line":182,"column":1}},"182":{"start":{"line":183,"column":0},"end":{"line":183,"column":0}},"183":{"start":{"line":184,"column":0},"end":{"line":184,"column":3}},"184":{"start":{"line":185,"column":0},"end":{"line":185,"column":22}},"185":{"start":{"line":186,"column":0},"end":{"line":186,"column":3}},"186":{"start":{"line":187,"column":0},"end":{"line":187,"column":63}},"187":{"start":{"line":188,"column":0},"end":{"line":188,"column":7}},"188":{"start":{"line":189,"column":0},"end":{"line":189,"column":50}},"189":{"start":{"line":190,"column":0},"end":{"line":190,"column":19}},"190":{"start":{"line":191,"column":0},"end":{"line":191,"column":75}},"191":{"start":{"line":192,"column":0},"end":{"line":192,"column":5}},"192":{"start":{"line":193,"column":0},"end":{"line":193,"column":0}},"193":{"start":{"line":194,"column":0},"end":{"line":194,"column":51}},"194":{"start":{"line":195,"column":0},"end":{"line":195,"column":42}},"195":{"start":{"line":196,"column":0},"end":{"line":196,"column":19}},"196":{"start":{"line":197,"column":0},"end":{"line":197,"column":46}},"197":{"start":{"line":198,"column":0},"end":{"line":198,"column":29}},"198":{"start":{"line":199,"column":0},"end":{"line":199,"column":40}},"199":{"start":{"line":200,"column":0},"end":{"line":200,"column":21}},"200":{"start":{"line":201,"column":0},"end":{"line":201,"column":6}},"201":{"start":{"line":202,"column":0},"end":{"line":202,"column":3}},"202":{"start":{"line":203,"column":0},"end":{"line":203,"column":1}},"203":{"start":{"line":204,"column":0},"end":{"line":204,"column":0}},"204":{"start":{"line":205,"column":0},"end":{"line":205,"column":3}},"205":{"start":{"line":206,"column":0},"end":{"line":206,"column":51}},"206":{"start":{"line":207,"column":0},"end":{"line":207,"column":3}},"207":{"start":{"line":208,"column":0},"end":{"line":208,"column":44}},"208":{"start":{"line":209,"column":0},"end":{"line":209,"column":10}},"209":{"start":{"line":210,"column":0},"end":{"line":210,"column":14}},"210":{"start":{"line":211,"column":0},"end":{"line":211,"column":27}},"211":{"start":{"line":212,"column":0},"end":{"line":212,"column":48}},"212":{"start":{"line":213,"column":0},"end":{"line":213,"column":7}},"213":{"start":{"line":214,"column":0},"end":{"line":214,"column":45}},"214":{"start":{"line":215,"column":0},"end":{"line":215,"column":49}},"215":{"start":{"line":216,"column":0},"end":{"line":216,"column":6}},"216":{"start":{"line":217,"column":0},"end":{"line":217,"column":15}},"217":{"start":{"line":218,"column":0},"end":{"line":218,"column":27}},"218":{"start":{"line":219,"column":0},"end":{"line":219,"column":48}},"219":{"start":{"line":220,"column":0},"end":{"line":220,"column":7}},"220":{"start":{"line":221,"column":0},"end":{"line":221,"column":45}},"221":{"start":{"line":222,"column":0},"end":{"line":222,"column":50}},"222":{"start":{"line":223,"column":0},"end":{"line":223,"column":6}},"223":{"start":{"line":224,"column":0},"end":{"line":224,"column":17}},"224":{"start":{"line":225,"column":0},"end":{"line":225,"column":27}},"225":{"start":{"line":226,"column":0},"end":{"line":226,"column":48}},"226":{"start":{"line":227,"column":0},"end":{"line":227,"column":7}},"227":{"start":{"line":228,"column":0},"end":{"line":228,"column":45}},"228":{"start":{"line":229,"column":0},"end":{"line":229,"column":52}},"229":{"start":{"line":230,"column":0},"end":{"line":230,"column":6}},"230":{"start":{"line":231,"column":0},"end":{"line":231,"column":4}},"231":{"start":{"line":232,"column":0},"end":{"line":232,"column":1}},"232":{"start":{"line":233,"column":0},"end":{"line":233,"column":0}},"233":{"start":{"line":234,"column":0},"end":{"line":234,"column":3}},"234":{"start":{"line":235,"column":0},"end":{"line":235,"column":27}},"235":{"start":{"line":236,"column":0},"end":{"line":236,"column":3}},"236":{"start":{"line":237,"column":0},"end":{"line":237,"column":41}},"237":{"start":{"line":238,"column":0},"end":{"line":238,"column":10}},"238":{"start":{"line":239,"column":0},"end":{"line":239,"column":14}},"239":{"start":{"line":240,"column":0},"end":{"line":240,"column":28}},"240":{"start":{"line":241,"column":0},"end":{"line":241,"column":49}},"241":{"start":{"line":242,"column":0},"end":{"line":242,"column":7}},"242":{"start":{"line":243,"column":0},"end":{"line":243,"column":54}},"243":{"start":{"line":244,"column":0},"end":{"line":244,"column":40}},"244":{"start":{"line":245,"column":0},"end":{"line":245,"column":6}},"245":{"start":{"line":246,"column":0},"end":{"line":246,"column":4}},"246":{"start":{"line":247,"column":0},"end":{"line":247,"column":1}}},"s":{"0":0,"1":0,"2":0,"3":0,"4":0,"5":0,"6":0,"7":0,"8":0,"9":0,"10":0,"11":0,"12":0,"13":0,"14":0,"15":0,"16":0,"17":0,"18":0,"19":0,"20":0,"21":0,"22":0,"23":0,"24":0,"25":0,"26":0,"27":0,"28":0,"29":0,"30":0,"31":0,"32":0,"33":0,"34":0,"35":0,"36":0,"37":0,"38":0,"39":0,"40":0,"41":0,"42":0,"43":0,"44":0,"45":0,"46":0,"47":0,"48":0,"49":0,"50":0,"51":0,"52":0,"53":0,"54":0,"55":0,"56":0,"57":0,"58":0,"59":0,"60":0,"61":0,"62":0,"63":0,"64":0,"65":0,"66":0,"67":0,"68":0,"69":0,"70":0,"71":0,"72":0,"73":0,"74":0,"75":0,"76":0,"77":0,"78":0,"79":0,"80":0,"81":0,"82":0,"83":0,"84":0,"85":0,"86":0,"87":0,"88":0,"89":0,"90":0,"91":0,"92":0,"93":0,"94":0,"95":0,"96":0,"97":0,"98":0,"99":0,"100":0,"101":0,"102":0,"103":0,"104":0,"105":0,"106":0,"107":0,"108":0,"109":0,"110":0,"111":0,"112":0,"113":0,"114":0,"115":0,"116":0,"117":0,"118":0,"119":0,"120":0,"121":0,"122":0,"123":0,"124":0,"125":0,"126":0,"127":0,"128":0,"129":0,"130":0,"131":0,"132":0,"133":0,"134":0,"135":0,"136":0,"137":0,"138":0,"139":0,"140":0,"141":0,"142":0,"143":0,"144":0,"145":0,"146":0,"147":0,"148":0,"149":0,"150":0,"151":0,"152":0,"153":0,"154":0,"155":0,"156":0,"157":0,"158":0,"159":0,"160":0,"161":0,"162":0,"163":0,"164":0,"165":0,"166":0,"167":0,"168":0,"169":0,"170":0,"171":0,"172":0,"173":0,"174":0,"175":0,"176":0,"177":0,"178":0,"179":0,"180":0,"181":0,"182":0,"183":0,"184":0,"185":0,"186":0,"187":0,"188":0,"189":0,"190":0,"191":0,"192":0,"193":0,"194":0,"195":0,"196":0,"197":0,"198":0,"199":0,"200":0,"201":0,"202":0,"203":0,"204":0,"205":0,"206":0,"207":0,"208":0,"209":0,"210":0,"211":0,"212":0,"213":0,"214":0,"215":0,"216":0,"217":0,"218":0,"219":0,"220":0,"221":0,"222":0,"223":0,"224":0,"225":0,"226":0,"227":0,"228":0,"229":0,"230":0,"231":0,"232":0,"233":0,"234":0,"235":0,"236":0,"237":0,"238":0,"239":0,"240":0,"241":0,"242":0,"243":0,"244":0,"245":0,"246":0},"branchMap":{"0":{"type":"branch","line":1,"loc":{"start":{"line":1,"column":0},"end":{"line":247,"column":-801}},"locations":[{"start":{"line":1,"column":0},"end":{"line":247,"column":-801}}]}},"b":{"0":[0]},"fnMap":{"0":{"name":"(empty-report)","decl":{"start":{"line":1,"column":0},"end":{"line":247,"column":-801}},"loc":{"start":{"line":1,"column":0},"end":{"line":247,"column":-801}},"line":1}},"f":{"0":0}}
,"/Users/nathan/Documents/code/fydemy/packages/cms/packages/core/src/api/upload.ts": {"path":"/Users/nathan/Documents/code/fydemy/packages/cms/packages/core/src/api/upload.ts","all":true,"statementMap":{"0":{"start":{"line":1,"column":0},"end":{"line":1,"column":56}},"1":{"start":{"line":2,"column":0},"end":{"line":2,"column":56}},"2":{"start":{"line":3,"column":0},"end":{"line":3,"column":47}},"3":{"start":{"line":4,"column":0},"end":{"line":4,"column":0}},"4":{"start":{"line":5,"column":0},"end":{"line":5,"column":3}},"5":{"start":{"line":6,"column":0},"end":{"line":6,"column":21}},"6":{"start":{"line":7,"column":0},"end":{"line":7,"column":3}},"7":{"start":{"line":8,"column":0},"end":{"line":8,"column":58}},"8":{"start":{"line":9,"column":0},"end":{"line":9,"column":7}},"9":{"start":{"line":10,"column":0},"end":{"line":10,"column":50}},"10":{"start":{"line":11,"column":0},"end":{"line":11,"column":19}},"11":{"start":{"line":12,"column":0},"end":{"line":12,"column":75}},"12":{"start":{"line":13,"column":0},"end":{"line":13,"column":5}},"13":{"start":{"line":14,"column":0},"end":{"line":14,"column":0}},"14":{"start":{"line":15,"column":0},"end":{"line":15,"column":46}},"15":{"start":{"line":16,"column":0},"end":{"line":16,"column":46}},"16":{"start":{"line":17,"column":0},"end":{"line":17,"column":0}},"17":{"start":{"line":18,"column":0},"end":{"line":18,"column":16}},"18":{"start":{"line":19,"column":0},"end":{"line":19,"column":79}},"19":{"start":{"line":20,"column":0},"end":{"line":20,"column":5}},"20":{"start":{"line":21,"column":0},"end":{"line":21,"column":0}},"21":{"start":{"line":22,"column":0},"end":{"line":22,"column":29}},"22":{"start":{"line":23,"column":0},"end":{"line":23,"column":43}},"23":{"start":{"line":24,"column":0},"end":{"line":24,"column":38}},"24":{"start":{"line":25,"column":0},"end":{"line":25,"column":0}},"25":{"start":{"line":26,"column":0},"end":{"line":26,"column":18}},"26":{"start":{"line":27,"column":0},"end":{"line":27,"column":58}},"27":{"start":{"line":28,"column":0},"end":{"line":28,"column":0}},"28":{"start":{"line":29,"column":0},"end":{"line":29,"column":30}},"29":{"start":{"line":30,"column":0},"end":{"line":30,"column":20}},"30":{"start":{"line":31,"column":0},"end":{"line":31,"column":21}},"31":{"start":{"line":32,"column":0},"end":{"line":32,"column":26}},"32":{"start":{"line":33,"column":0},"end":{"line":33,"column":7}},"33":{"start":{"line":34,"column":0},"end":{"line":34,"column":19}},"34":{"start":{"line":35,"column":0},"end":{"line":35,"column":42}},"35":{"start":{"line":36,"column":0},"end":{"line":36,"column":29}},"36":{"start":{"line":37,"column":0},"end":{"line":37,"column":41}},"37":{"start":{"line":38,"column":0},"end":{"line":38,"column":21}},"38":{"start":{"line":39,"column":0},"end":{"line":39,"column":6}},"39":{"start":{"line":40,"column":0},"end":{"line":40,"column":3}},"40":{"start":{"line":41,"column":0},"end":{"line":41,"column":1}}},"s":{"0":0,"1":0,"2":0,"3":0,"4":0,"5":0,"6":0,"7":0,"8":0,"9":0,"10":0,"11":0,"12":0,"13":0,"14":0,"15":0,"16":0,"17":0,"18":0,"19":0,"20":0,"21":0,"22":0,"23":0,"24":0,"25":0,"26":0,"27":0,"28":0,"29":0,"30":0,"31":0,"32":0,"33":0,"34":0,"35":0,"36":0,"37":0,"38":0,"39":0,"40":0},"branchMap":{"0":{"type":"branch","line":1,"loc":{"start":{"line":1,"column":0},"end":{"line":41,"column":-187}},"locations":[{"start":{"line":1,"column":0},"end":{"line":41,"column":-187}}]}},"b":{"0":[0]},"fnMap":{"0":{"name":"(empty-report)","decl":{"start":{"line":1,"column":0},"end":{"line":41,"column":-187}},"loc":{"start":{"line":1,"column":0},"end":{"line":41,"column":-187}},"line":1}},"f":{"0":0}}
,"/Users/nathan/Documents/code/fydemy/packages/cms/packages/core/src/auth/login.ts": {"path":"/Users/nathan/Documents/code/fydemy/packages/cms/packages/core/src/auth/login.ts","all":false,"statementMap":{"0":{"start":{"line":1,"column":0},"end":{"line":1,"column":28}},"1":{"start":{"line":2,"column":0},"end":{"line":2,"column":73}},"2":{"start":{"line":3,"column":0},"end":{"line":3,"column":0}},"3":{"start":{"line":4,"column":0},"end":{"line":4,"column":3}},"4":{"start":{"line":5,"column":0},"end":{"line":5,"column":92}},"5":{"start":{"line":6,"column":0},"end":{"line":6,"column":41}},"6":{"start":{"line":7,"column":0},"end":{"line":7,"column":41}},"7":{"start":{"line":8,"column":0},"end":{"line":8,"column":58}},"8":{"start":{"line":9,"column":0},"end":{"line":9,"column":60}},"9":{"start":{"line":10,"column":0},"end":{"line":10,"column":3}},"10":{"start":{"line":11,"column":0},"end":{"line":11,"column":36}},"11":{"start":{"line":12,"column":0},"end":{"line":12,"column":19}},"12":{"start":{"line":13,"column":0},"end":{"line":13,"column":18}},"13":{"start":{"line":14,"column":0},"end":{"line":14,"column":12}},"14":{"start":{"line":15,"column":0},"end":{"line":15,"column":32}},"15":{"start":{"line":16,"column":0},"end":{"line":16,"column":7}},"16":{"start":{"line":17,"column":0},"end":{"line":17,"column":31}},"17":{"start":{"line":18,"column":0},"end":{"line":18,"column":31}},"18":{"start":{"line":19,"column":0},"end":{"line":19,"column":19}},"19":{"start":{"line":20,"column":0},"end":{"line":20,"column":76}},"20":{"start":{"line":21,"column":0},"end":{"line":21,"column":17}},"21":{"start":{"line":22,"column":0},"end":{"line":22,"column":3}},"22":{"start":{"line":23,"column":0},"end":{"line":23,"column":0}},"23":{"start":{"line":24,"column":0},"end":{"line":24,"column":53}},"24":{"start":{"line":25,"column":0},"end":{"line":25,"column":53}},"25":{"start":{"line":26,"column":0},"end":{"line":26,"column":0}},"26":{"start":{"line":27,"column":0},"end":{"line":27,"column":37}},"27":{"start":{"line":28,"column":0},"end":{"line":28,"column":20}},"28":{"start":{"line":29,"column":0},"end":{"line":29,"column":86}},"29":{"start":{"line":30,"column":0},"end":{"line":30,"column":6}},"30":{"start":{"line":31,"column":0},"end":{"line":31,"column":3}},"31":{"start":{"line":32,"column":0},"end":{"line":32,"column":0}},"32":{"start":{"line":33,"column":0},"end":{"line":33,"column":57}},"33":{"start":{"line":34,"column":0},"end":{"line":34,"column":61}},"34":{"start":{"line":35,"column":0},"end":{"line":35,"column":63}},"35":{"start":{"line":36,"column":0},"end":{"line":36,"column":63}},"36":{"start":{"line":37,"column":0},"end":{"line":37,"column":0}},"37":{"start":{"line":38,"column":0},"end":{"line":38,"column":40}},"38":{"start":{"line":39,"column":0},"end":{"line":39,"column":1}},"39":{"start":{"line":40,"column":0},"end":{"line":40,"column":0}},"40":{"start":{"line":41,"column":0},"end":{"line":41,"column":3}},"41":{"start":{"line":42,"column":0},"end":{"line":42,"column":61}},"42":{"start":{"line":43,"column":0},"end":{"line":43,"column":26}},"43":{"start":{"line":44,"column":0},"end":{"line":44,"column":27}},"44":{"start":{"line":45,"column":0},"end":{"line":45,"column":33}},"45":{"start":{"line":46,"column":0},"end":{"line":46,"column":3}},"46":{"start":{"line":47,"column":0},"end":{"line":47,"column":57}},"47":{"start":{"line":48,"column":0},"end":{"line":48,"column":7}},"48":{"start":{"line":49,"column":0},"end":{"line":49,"column":50}},"49":{"start":{"line":50,"column":0},"end":{"line":50,"column":44}},"50":{"start":{"line":51,"column":0},"end":{"line":51,"column":44}},"51":{"start":{"line":52,"column":0},"end":{"line":52,"column":0}},"52":{"start":{"line":53,"column":0},"end":{"line":53,"column":62}},"53":{"start":{"line":54,"column":0},"end":{"line":54,"column":48}},"54":{"start":{"line":55,"column":0},"end":{"line":55,"column":44}},"55":{"start":{"line":56,"column":0},"end":{"line":56,"column":55}},"56":{"start":{"line":57,"column":0},"end":{"line":57,"column":51}},"57":{"start":{"line":58,"column":0},"end":{"line":58,"column":19}},"58":{"start":{"line":59,"column":0},"end":{"line":59,"column":5}},"59":{"start":{"line":60,"column":0},"end":{"line":60,"column":0}},"60":{"start":{"line":61,"column":0},"end":{"line":61,"column":52}},"61":{"start":{"line":62,"column":0},"end":{"line":62,"column":11}},"62":{"start":{"line":63,"column":0},"end":{"line":63,"column":17}},"63":{"start":{"line":64,"column":0},"end":{"line":64,"column":3}},"64":{"start":{"line":65,"column":0},"end":{"line":65,"column":1}}},"s":{"0":1,"1":1,"2":1,"3":1,"4":1,"5":1,"6":1,"7":1,"8":1,"9":1,"10":1,"11":208,"12":208,"13":208,"14":208,"15":208,"16":208,"17":208,"18":208,"19":3,"20":3,"21":3,"22":205,"23":205,"24":205,"25":205,"26":208,"27":1,"28":1,"29":1,"30":1,"31":204,"32":204,"33":204,"34":204,"35":204,"36":204,"37":208,"38":208,"39":1,"40":1,"41":1,"42":1,"43":1,"44":1,"45":1,"46":408,"47":408,"48":408,"49":408,"50":408,"51":408,"52":408,"53":408,"54":408,"55":104,"56":104,"57":104,"58":104,"59":304,"60":304,"61":408,"62":0,"63":0,"64":408},"branchMap":{"0":{"type":"branch","line":11,"loc":{"start":{"line":11,"column":7},"end":{"line":39,"column":1}},"locations":[{"start":{"line":11,"column":7},"end":{"line":39,"column":1}}]},"1":{"type":"branch","line":19,"loc":{"start":{"line":19,"column":2},"end":{"line":22,"column":3}},"locations":[{"start":{"line":19,"column":2},"end":{"line":22,"column":3}}]},"2":{"type":"branch","line":22,"loc":{"start":{"line":22,"column":2},"end":{"line":27,"column":22}},"locations":[{"start":{"line":22,"column":2},"end":{"line":27,"column":22}}]},"3":{"type":"branch","line":27,"loc":{"start":{"line":27,"column":7},"end":{"line":27,"column":36}},"locations":[{"start":{"line":27,"column":7},"end":{"line":27,"column":36}}]},"4":{"type":"branch","line":27,"loc":{"start":{"line":27,"column":36},"end":{"line":31,"column":3}},"locations":[{"start":{"line":27,"column":36},"end":{"line":31,"column":3}}]},"5":{"type":"branch","line":31,"loc":{"start":{"line":31,"column":2},"end":{"line":38,"column":26}},"locations":[{"start":{"line":31,"column":2},"end":{"line":38,"column":26}}]},"6":{"type":"branch","line":38,"loc":{"start":{"line":38,"column":9},"end":{"line":38,"column":40}},"locations":[{"start":{"line":38,"column":9},"end":{"line":38,"column":40}}]},"7":{"type":"branch","line":47,"loc":{"start":{"line":47,"column":0},"end":{"line":65,"column":1}},"locations":[{"start":{"line":47,"column":0},"end":{"line":65,"column":1}}]},"8":{"type":"branch","line":55,"loc":{"start":{"line":55,"column":43},"end":{"line":59,"column":5}},"locations":[{"start":{"line":55,"column":43},"end":{"line":59,"column":5}}]},"9":{"type":"branch","line":59,"loc":{"start":{"line":59,"column":4},"end":{"line":62,"column":10}},"locations":[{"start":{"line":59,"column":4},"end":{"line":62,"column":10}}]},"10":{"type":"branch","line":62,"loc":{"start":{"line":62,"column":2},"end":{"line":64,"column":3}},"locations":[{"start":{"line":62,"column":2},"end":{"line":64,"column":3}}]}},"b":{"0":[208],"1":[3],"2":[205],"3":[204],"4":[1],"5":[204],"6":[102],"7":[408],"8":[104],"9":[304],"10":[0]},"fnMap":{"0":{"name":"validateCredentials","decl":{"start":{"line":11,"column":7},"end":{"line":39,"column":1}},"loc":{"start":{"line":11,"column":7},"end":{"line":39,"column":1}},"line":11},"1":{"name":"timingSafeEqual","decl":{"start":{"line":47,"column":0},"end":{"line":65,"column":1}},"loc":{"start":{"line":47,"column":0},"end":{"line":65,"column":1}},"line":47}},"f":{"0":208,"1":408}}
,"/Users/nathan/Documents/code/fydemy/packages/cms/packages/core/src/auth/session.ts": {"path":"/Users/nathan/Documents/code/fydemy/packages/cms/packages/core/src/auth/session.ts","all":true,"statementMap":{"0":{"start":{"line":1,"column":0},"end":{"line":1,"column":42}},"1":{"start":{"line":2,"column":0},"end":{"line":2,"column":39}},"2":{"start":{"line":3,"column":0},"end":{"line":3,"column":0}},"3":{"start":{"line":4,"column":0},"end":{"line":4,"column":42}},"4":{"start":{"line":5,"column":0},"end":{"line":5,"column":63}},"5":{"start":{"line":6,"column":0},"end":{"line":6,"column":0}},"6":{"start":{"line":7,"column":0},"end":{"line":7,"column":26}},"7":{"start":{"line":8,"column":0},"end":{"line":8,"column":19}},"8":{"start":{"line":9,"column":0},"end":{"line":9,"column":14}},"9":{"start":{"line":10,"column":0},"end":{"line":10,"column":1}},"10":{"start":{"line":11,"column":0},"end":{"line":11,"column":0}},"11":{"start":{"line":12,"column":0},"end":{"line":12,"column":3}},"12":{"start":{"line":13,"column":0},"end":{"line":13,"column":37}},"13":{"start":{"line":14,"column":0},"end":{"line":14,"column":3}},"14":{"start":{"line":15,"column":0},"end":{"line":15,"column":37}},"15":{"start":{"line":16,"column":0},"end":{"line":16,"column":48}},"16":{"start":{"line":17,"column":0},"end":{"line":17,"column":38}},"17":{"start":{"line":18,"column":0},"end":{"line":18,"column":73}},"18":{"start":{"line":19,"column":0},"end":{"line":19,"column":3}},"19":{"start":{"line":20,"column":0},"end":{"line":20,"column":42}},"20":{"start":{"line":21,"column":0},"end":{"line":21,"column":1}},"21":{"start":{"line":22,"column":0},"end":{"line":22,"column":0}},"22":{"start":{"line":23,"column":0},"end":{"line":23,"column":3}},"23":{"start":{"line":24,"column":0},"end":{"line":24,"column":52}},"24":{"start":{"line":25,"column":0},"end":{"line":25,"column":3}},"25":{"start":{"line":26,"column":0},"end":{"line":26,"column":72}},"26":{"start":{"line":27,"column":0},"end":{"line":27,"column":35}},"27":{"start":{"line":28,"column":0},"end":{"line":28,"column":13}},"28":{"start":{"line":29,"column":0},"end":{"line":29,"column":58}},"29":{"start":{"line":30,"column":0},"end":{"line":30,"column":4}},"30":{"start":{"line":31,"column":0},"end":{"line":31,"column":0}},"31":{"start":{"line":32,"column":0},"end":{"line":32,"column":49}},"32":{"start":{"line":33,"column":0},"end":{"line":33,"column":41}},"33":{"start":{"line":34,"column":0},"end":{"line":34,"column":28}},"34":{"start":{"line":35,"column":0},"end":{"line":35,"column":26}},"35":{"start":{"line":36,"column":0},"end":{"line":36,"column":0}},"36":{"start":{"line":37,"column":0},"end":{"line":37,"column":15}},"37":{"start":{"line":38,"column":0},"end":{"line":38,"column":1}},"38":{"start":{"line":39,"column":0},"end":{"line":39,"column":0}},"39":{"start":{"line":40,"column":0},"end":{"line":40,"column":3}},"40":{"start":{"line":41,"column":0},"end":{"line":41,"column":36}},"41":{"start":{"line":42,"column":0},"end":{"line":42,"column":3}},"42":{"start":{"line":43,"column":0},"end":{"line":43,"column":36}},"43":{"start":{"line":44,"column":0},"end":{"line":44,"column":15}},"44":{"start":{"line":45,"column":0},"end":{"line":45,"column":35}},"45":{"start":{"line":46,"column":0},"end":{"line":46,"column":7}},"46":{"start":{"line":47,"column":0},"end":{"line":47,"column":63}},"47":{"start":{"line":48,"column":0},"end":{"line":48,"column":0}},"48":{"start":{"line":49,"column":0},"end":{"line":49,"column":33}},"49":{"start":{"line":50,"column":0},"end":{"line":50,"column":8}},"50":{"start":{"line":51,"column":0},"end":{"line":51,"column":45}},"51":{"start":{"line":52,"column":0},"end":{"line":52,"column":37}},"52":{"start":{"line":53,"column":0},"end":{"line":53,"column":7}},"53":{"start":{"line":54,"column":0},"end":{"line":54,"column":50}},"54":{"start":{"line":55,"column":0},"end":{"line":55,"column":5}},"55":{"start":{"line":56,"column":0},"end":{"line":56,"column":0}},"56":{"start":{"line":57,"column":0},"end":{"line":57,"column":16}},"57":{"start":{"line":58,"column":0},"end":{"line":58,"column":19}},"58":{"start":{"line":59,"column":0},"end":{"line":59,"column":16}},"59":{"start":{"line":60,"column":0},"end":{"line":60,"column":3}},"60":{"start":{"line":61,"column":0},"end":{"line":61,"column":1}},"61":{"start":{"line":62,"column":0},"end":{"line":62,"column":0}},"62":{"start":{"line":63,"column":0},"end":{"line":63,"column":3}},"63":{"start":{"line":64,"column":0},"end":{"line":64,"column":43}},"64":{"start":{"line":65,"column":0},"end":{"line":65,"column":3}},"65":{"start":{"line":66,"column":0},"end":{"line":66,"column":79}},"66":{"start":{"line":67,"column":0},"end":{"line":67,"column":38}},"67":{"start":{"line":68,"column":0},"end":{"line":68,"column":60}},"68":{"start":{"line":69,"column":0},"end":{"line":69,"column":0}},"69":{"start":{"line":70,"column":0},"end":{"line":70,"column":15}},"70":{"start":{"line":71,"column":0},"end":{"line":71,"column":16}},"71":{"start":{"line":72,"column":0},"end":{"line":72,"column":3}},"72":{"start":{"line":73,"column":0},"end":{"line":73,"column":0}},"73":{"start":{"line":74,"column":0},"end":{"line":74,"column":30}},"74":{"start":{"line":75,"column":0},"end":{"line":75,"column":1}},"75":{"start":{"line":76,"column":0},"end":{"line":76,"column":0}},"76":{"start":{"line":77,"column":0},"end":{"line":77,"column":3}},"77":{"start":{"line":78,"column":0},"end":{"line":78,"column":21}},"78":{"start":{"line":79,"column":0},"end":{"line":79,"column":3}},"79":{"start":{"line":80,"column":0},"end":{"line":80,"column":70}},"80":{"start":{"line":81,"column":0},"end":{"line":81,"column":38}},"81":{"start":{"line":82,"column":0},"end":{"line":82,"column":47}},"82":{"start":{"line":83,"column":0},"end":{"line":83,"column":19}},"83":{"start":{"line":84,"column":0},"end":{"line":84,"column":50}},"84":{"start":{"line":85,"column":0},"end":{"line":85,"column":20}},"85":{"start":{"line":86,"column":0},"end":{"line":86,"column":29}},"86":{"start":{"line":87,"column":0},"end":{"line":87,"column":14}},"87":{"start":{"line":88,"column":0},"end":{"line":88,"column":5}},"88":{"start":{"line":89,"column":0},"end":{"line":89,"column":1}},"89":{"start":{"line":90,"column":0},"end":{"line":90,"column":0}},"90":{"start":{"line":91,"column":0},"end":{"line":91,"column":3}},"91":{"start":{"line":92,"column":0},"end":{"line":92,"column":23}},"92":{"start":{"line":93,"column":0},"end":{"line":93,"column":3}},"93":{"start":{"line":94,"column":0},"end":{"line":94,"column":59}},"94":{"start":{"line":95,"column":0},"end":{"line":95,"column":38}},"95":{"start":{"line":96,"column":0},"end":{"line":96,"column":42}},"96":{"start":{"line":97,"column":0},"end":{"line":97,"column":1}}},"s":{"0":0,"1":0,"2":0,"3":0,"4":0,"5":0,"6":0,"7":0,"8":0,"9":0,"10":0,"11":0,"12":0,"13":0,"14":0,"15":0,"16":0,"17":0,"18":0,"19":0,"20":0,"21":0,"22":0,"23":0,"24":0,"25":0,"26":0,"27":0,"28":0,"29":0,"30":0,"31":0,"32":0,"33":0,"34":0,"35":0,"36":0,"37":0,"38":0,"39":0,"40":0,"41":0,"42":0,"43":0,"44":0,"45":0,"46":0,"47":0,"48":0,"49":0,"50":0,"51":0,"52":0,"53":0,"54":0,"55":0,"56":0,"57":0,"58":0,"59":0,"60":0,"61":0,"62":0,"63":0,"64":0,"65":0,"66":0,"67":0,"68":0,"69":0,"70":0,"71":0,"72":0,"73":0,"74":0,"75":0,"76":0,"77":0,"78":0,"79":0,"80":0,"81":0,"82":0,"83":0,"84":0,"85":0,"86":0,"87":0,"88":0,"89":0,"90":0,"91":0,"92":0,"93":0,"94":0,"95":0,"96":0},"branchMap":{"0":{"type":"branch","line":1,"loc":{"start":{"line":1,"column":0},"end":{"line":97,"column":-84}},"locations":[{"start":{"line":1,"column":0},"end":{"line":97,"column":-84}}]}},"b":{"0":[0]},"fnMap":{"0":{"name":"(empty-report)","decl":{"start":{"line":1,"column":0},"end":{"line":97,"column":-84}},"loc":{"start":{"line":1,"column":0},"end":{"line":97,"column":-84}},"line":1}},"f":{"0":0}}
,"/Users/nathan/Documents/code/fydemy/packages/cms/packages/core/src/content/collection.ts": {"path":"/Users/nathan/Documents/code/fydemy/packages/cms/packages/core/src/content/collection.ts","all":true,"statementMap":{"0":{"start":{"line":1,"column":0},"end":{"line":1,"column":47}},"1":{"start":{"line":2,"column":0},"end":{"line":2,"column":43}},"2":{"start":{"line":3,"column":0},"end":{"line":3,"column":0}},"3":{"start":{"line":4,"column":0},"end":{"line":4,"column":3}},"4":{"start":{"line":5,"column":0},"end":{"line":5,"column":64}},"5":{"start":{"line":6,"column":0},"end":{"line":6,"column":3}},"6":{"start":{"line":7,"column":0},"end":{"line":7,"column":58}},"7":{"start":{"line":8,"column":0},"end":{"line":8,"column":34}},"8":{"start":{"line":9,"column":0},"end":{"line":9,"column":18}},"9":{"start":{"line":10,"column":0},"end":{"line":10,"column":45}},"10":{"start":{"line":11,"column":0},"end":{"line":11,"column":10}},"11":{"start":{"line":12,"column":0},"end":{"line":12,"column":47}},"12":{"start":{"line":13,"column":0},"end":{"line":13,"column":15}},"13":{"start":{"line":14,"column":0},"end":{"line":14,"column":1}},"14":{"start":{"line":15,"column":0},"end":{"line":15,"column":0}},"15":{"start":{"line":16,"column":0},"end":{"line":16,"column":3}},"16":{"start":{"line":17,"column":0},"end":{"line":17,"column":61}},"17":{"start":{"line":18,"column":0},"end":{"line":18,"column":83}},"18":{"start":{"line":19,"column":0},"end":{"line":19,"column":73}},"19":{"start":{"line":20,"column":0},"end":{"line":20,"column":2}},"20":{"start":{"line":21,"column":0},"end":{"line":21,"column":11}},"21":{"start":{"line":22,"column":0},"end":{"line":22,"column":8}},"22":{"start":{"line":23,"column":0},"end":{"line":23,"column":26}},"23":{"start":{"line":24,"column":0},"end":{"line":24,"column":50}},"24":{"start":{"line":25,"column":0},"end":{"line":25,"column":26}},"25":{"start":{"line":26,"column":0},"end":{"line":26,"column":66}},"26":{"start":{"line":27,"column":0},"end":{"line":27,"column":58}},"27":{"start":{"line":28,"column":0},"end":{"line":28,"column":6}},"28":{"start":{"line":29,"column":0},"end":{"line":29,"column":2}},"29":{"start":{"line":30,"column":0},"end":{"line":30,"column":42}},"30":{"start":{"line":31,"column":0},"end":{"line":31,"column":23}},"31":{"start":{"line":32,"column":0},"end":{"line":32,"column":19}},"32":{"start":{"line":33,"column":0},"end":{"line":33,"column":18}},"33":{"start":{"line":34,"column":0},"end":{"line":34,"column":21}},"34":{"start":{"line":35,"column":0},"end":{"line":35,"column":50}},"35":{"start":{"line":36,"column":0},"end":{"line":36,"column":4}},"36":{"start":{"line":37,"column":0},"end":{"line":37,"column":65}},"37":{"start":{"line":38,"column":0},"end":{"line":38,"column":6}},"38":{"start":{"line":39,"column":0},"end":{"line":39,"column":3}},"39":{"start":{"line":40,"column":0},"end":{"line":40,"column":66}},"40":{"start":{"line":41,"column":0},"end":{"line":41,"column":20}},"41":{"start":{"line":42,"column":0},"end":{"line":42,"column":33}},"42":{"start":{"line":43,"column":0},"end":{"line":43,"column":39}},"43":{"start":{"line":44,"column":0},"end":{"line":44,"column":0}},"44":{"start":{"line":45,"column":0},"end":{"line":45,"column":44}},"45":{"start":{"line":46,"column":0},"end":{"line":46,"column":54}},"46":{"start":{"line":47,"column":0},"end":{"line":47,"column":0}},"47":{"start":{"line":48,"column":0},"end":{"line":48,"column":35}},"48":{"start":{"line":49,"column":0},"end":{"line":49,"column":33}},"49":{"start":{"line":50,"column":0},"end":{"line":50,"column":66}},"50":{"start":{"line":51,"column":0},"end":{"line":51,"column":4}},"51":{"start":{"line":52,"column":0},"end":{"line":52,"column":0}},"52":{"start":{"line":53,"column":0},"end":{"line":53,"column":38}},"53":{"start":{"line":54,"column":0},"end":{"line":54,"column":34}},"54":{"start":{"line":55,"column":0},"end":{"line":55,"column":33}},"55":{"start":{"line":56,"column":0},"end":{"line":56,"column":59}},"56":{"start":{"line":57,"column":0},"end":{"line":57,"column":58}},"57":{"start":{"line":58,"column":0},"end":{"line":58,"column":0}},"58":{"start":{"line":59,"column":0},"end":{"line":59,"column":58}},"59":{"start":{"line":60,"column":0},"end":{"line":60,"column":68}},"60":{"start":{"line":61,"column":0},"end":{"line":61,"column":0}},"61":{"start":{"line":62,"column":0},"end":{"line":62,"column":14}},"62":{"start":{"line":63,"column":0},"end":{"line":63,"column":16}},"63":{"start":{"line":64,"column":0},"end":{"line":64,"column":24}},"64":{"start":{"line":65,"column":0},"end":{"line":65,"column":13}},"65":{"start":{"line":66,"column":0},"end":{"line":66,"column":8}},"66":{"start":{"line":67,"column":0},"end":{"line":67,"column":6}},"67":{"start":{"line":68,"column":0},"end":{"line":68,"column":4}},"68":{"start":{"line":69,"column":0},"end":{"line":69,"column":0}},"69":{"start":{"line":70,"column":0},"end":{"line":70,"column":15}},"70":{"start":{"line":71,"column":0},"end":{"line":71,"column":1}},"71":{"start":{"line":72,"column":0},"end":{"line":72,"column":0}},"72":{"start":{"line":73,"column":0},"end":{"line":73,"column":3}},"73":{"start":{"line":74,"column":0},"end":{"line":74,"column":48}},"74":{"start":{"line":75,"column":0},"end":{"line":75,"column":59}},"75":{"start":{"line":76,"column":0},"end":{"line":76,"column":51}},"76":{"start":{"line":77,"column":0},"end":{"line":77,"column":55}},"77":{"start":{"line":78,"column":0},"end":{"line":78,"column":2}},"78":{"start":{"line":79,"column":0},"end":{"line":79,"column":11}},"79":{"start":{"line":80,"column":0},"end":{"line":80,"column":8}},"80":{"start":{"line":81,"column":0},"end":{"line":81,"column":32}},"81":{"start":{"line":82,"column":0},"end":{"line":82,"column":65}},"82":{"start":{"line":83,"column":0},"end":{"line":83,"column":14}},"83":{"start":{"line":84,"column":0},"end":{"line":84,"column":34}},"84":{"start":{"line":85,"column":0},"end":{"line":85,"column":4}},"85":{"start":{"line":86,"column":0},"end":{"line":86,"column":6}},"86":{"start":{"line":87,"column":0},"end":{"line":87,"column":3}},"87":{"start":{"line":88,"column":0},"end":{"line":88,"column":65}},"88":{"start":{"line":89,"column":0},"end":{"line":89,"column":21}},"89":{"start":{"line":90,"column":0},"end":{"line":90,"column":14}},"90":{"start":{"line":91,"column":0},"end":{"line":91,"column":38}},"91":{"start":{"line":92,"column":0},"end":{"line":92,"column":39}},"92":{"start":{"line":93,"column":0},"end":{"line":93,"column":46}},"93":{"start":{"line":94,"column":0},"end":{"line":94,"column":0}},"94":{"start":{"line":95,"column":0},"end":{"line":95,"column":7}},"95":{"start":{"line":96,"column":0},"end":{"line":96,"column":50}},"96":{"start":{"line":97,"column":0},"end":{"line":97,"column":18}},"97":{"start":{"line":98,"column":0},"end":{"line":98,"column":18}},"98":{"start":{"line":99,"column":0},"end":{"line":99,"column":5}},"99":{"start":{"line":100,"column":0},"end":{"line":100,"column":0}},"100":{"start":{"line":101,"column":0},"end":{"line":101,"column":56}},"101":{"start":{"line":102,"column":0},"end":{"line":102,"column":56}},"102":{"start":{"line":103,"column":0},"end":{"line":103,"column":0}},"103":{"start":{"line":104,"column":0},"end":{"line":104,"column":12}},"104":{"start":{"line":105,"column":0},"end":{"line":105,"column":14}},"105":{"start":{"line":106,"column":0},"end":{"line":106,"column":22}},"106":{"start":{"line":107,"column":0},"end":{"line":107,"column":11}},"107":{"start":{"line":108,"column":0},"end":{"line":108,"column":6}},"108":{"start":{"line":109,"column":0},"end":{"line":109,"column":19}},"109":{"start":{"line":110,"column":0},"end":{"line":110,"column":16}},"110":{"start":{"line":111,"column":0},"end":{"line":111,"column":3}},"111":{"start":{"line":112,"column":0},"end":{"line":112,"column":1}},"112":{"start":{"line":113,"column":0},"end":{"line":113,"column":0}},"113":{"start":{"line":114,"column":0},"end":{"line":114,"column":3}},"114":{"start":{"line":115,"column":0},"end":{"line":115,"column":69}},"115":{"start":{"line":116,"column":0},"end":{"line":116,"column":56}},"116":{"start":{"line":117,"column":0},"end":{"line":117,"column":33}},"117":{"start":{"line":118,"column":0},"end":{"line":118,"column":2}},"118":{"start":{"line":119,"column":0},"end":{"line":119,"column":11}},"119":{"start":{"line":120,"column":0},"end":{"line":120,"column":8}},"120":{"start":{"line":121,"column":0},"end":{"line":121,"column":46}},"121":{"start":{"line":122,"column":0},"end":{"line":122,"column":45}},"122":{"start":{"line":123,"column":0},"end":{"line":123,"column":6}},"123":{"start":{"line":124,"column":0},"end":{"line":124,"column":3}},"124":{"start":{"line":125,"column":0},"end":{"line":125,"column":79}},"125":{"start":{"line":126,"column":0},"end":{"line":126,"column":39}},"126":{"start":{"line":127,"column":0},"end":{"line":127,"column":51}},"127":{"start":{"line":128,"column":0},"end":{"line":128,"column":0}},"128":{"start":{"line":129,"column":0},"end":{"line":129,"column":16}},"129":{"start":{"line":130,"column":0},"end":{"line":130,"column":50}},"130":{"start":{"line":131,"column":0},"end":{"line":131,"column":49}},"131":{"start":{"line":132,"column":0},"end":{"line":132,"column":21}},"132":{"start":{"line":133,"column":0},"end":{"line":133,"column":1}}},"s":{"0":0,"1":0,"2":0,"3":0,"4":0,"5":0,"6":0,"7":0,"8":0,"9":0,"10":0,"11":0,"12":0,"13":0,"14":0,"15":0,"16":0,"17":0,"18":0,"19":0,"20":0,"21":0,"22":0,"23":0,"24":0,"25":0,"26":0,"27":0,"28":0,"29":0,"30":0,"31":0,"32":0,"33":0,"34":0,"35":0,"36":0,"37":0,"38":0,"39":0,"40":0,"41":0,"42":0,"43":0,"44":0,"45":0,"46":0,"47":0,"48":0,"49":0,"50":0,"51":0,"52":0,"53":0,"54":0,"55":0,"56":0,"57":0,"58":0,"59":0,"60":0,"61":0,"62":0,"63":0,"64":0,"65":0,"66":0,"67":0,"68":0,"69":0,"70":0,"71":0,"72":0,"73":0,"74":0,"75":0,"76":0,"77":0,"78":0,"79":0,"80":0,"81":0,"82":0,"83":0,"84":0,"85":0,"86":0,"87":0,"88":0,"89":0,"90":0,"91":0,"92":0,"93":0,"94":0,"95":0,"96":0,"97":0,"98":0,"99":0,"100":0,"101":0,"102":0,"103":0,"104":0,"105":0,"106":0,"107":0,"108":0,"109":0,"110":0,"111":0,"112":0,"113":0,"114":0,"115":0,"116":0,"117":0,"118":0,"119":0,"120":0,"121":0,"122":0,"123":0,"124":0,"125":0,"126":0,"127":0,"128":0,"129":0,"130":0,"131":0,"132":0},"branchMap":{"0":{"type":"branch","line":1,"loc":{"start":{"line":1,"column":3609},"end":{"line":133,"column":1}},"locations":[{"start":{"line":1,"column":3609},"end":{"line":133,"column":1}}]}},"b":{"0":[0]},"fnMap":{"0":{"name":"(empty-report)","decl":{"start":{"line":1,"column":3609},"end":{"line":133,"column":1}},"loc":{"start":{"line":1,"column":3609},"end":{"line":133,"column":1}},"line":1}},"f":{"0":0}}
,"/Users/nathan/Documents/code/fydemy/packages/cms/packages/core/src/content/directory.ts": {"path":"/Users/nathan/Documents/code/fydemy/packages/cms/packages/core/src/content/directory.ts","all":true,"statementMap":{"0":{"start":{"line":1,"column":0},"end":{"line":1,"column":58}},"1":{"start":{"line":2,"column":0},"end":{"line":2,"column":0}},"2":{"start":{"line":3,"column":0},"end":{"line":3,"column":3}},"3":{"start":{"line":4,"column":0},"end":{"line":4,"column":48}},"4":{"start":{"line":5,"column":0},"end":{"line":5,"column":3}},"5":{"start":{"line":6,"column":0},"end":{"line":6,"column":36}},"6":{"start":{"line":7,"column":0},"end":{"line":7,"column":24}},"7":{"start":{"line":8,"column":0},"end":{"line":8,"column":25}},"8":{"start":{"line":9,"column":0},"end":{"line":9,"column":39}},"9":{"start":{"line":10,"column":0},"end":{"line":10,"column":38}},"10":{"start":{"line":11,"column":0},"end":{"line":11,"column":1}}},"s":{"0":0,"1":0,"2":0,"3":0,"4":0,"5":0,"6":0,"7":0,"8":0,"9":0,"10":0},"branchMap":{"0":{"type":"branch","line":1,"loc":{"start":{"line":1,"column":285},"end":{"line":11,"column":1}},"locations":[{"start":{"line":1,"column":285},"end":{"line":11,"column":1}}]}},"b":{"0":[0]},"fnMap":{"0":{"name":"(empty-report)","decl":{"start":{"line":1,"column":285},"end":{"line":11,"column":1}},"loc":{"start":{"line":1,"column":285},"end":{"line":11,"column":1}},"line":1}},"f":{"0":0}}
,"/Users/nathan/Documents/code/fydemy/packages/cms/packages/core/src/content/markdown.ts": {"path":"/Users/nathan/Documents/code/fydemy/packages/cms/packages/core/src/content/markdown.ts","all":true,"statementMap":{"0":{"start":{"line":1,"column":0},"end":{"line":1,"column":33}},"1":{"start":{"line":2,"column":0},"end":{"line":2,"column":47}},"2":{"start":{"line":3,"column":0},"end":{"line":3,"column":8}},"3":{"start":{"line":4,"column":0},"end":{"line":4,"column":19}},"4":{"start":{"line":5,"column":0},"end":{"line":5,"column":22}},"5":{"start":{"line":6,"column":0},"end":{"line":6,"column":16}},"6":{"start":{"line":7,"column":0},"end":{"line":7,"column":29}},"7":{"start":{"line":8,"column":0},"end":{"line":8,"column":0}},"8":{"start":{"line":9,"column":0},"end":{"line":9,"column":31}},"9":{"start":{"line":10,"column":0},"end":{"line":10,"column":18}},"10":{"start":{"line":11,"column":0},"end":{"line":11,"column":28}},"11":{"start":{"line":12,"column":0},"end":{"line":12,"column":1}},"12":{"start":{"line":13,"column":0},"end":{"line":13,"column":0}},"13":{"start":{"line":14,"column":0},"end":{"line":14,"column":3}},"14":{"start":{"line":15,"column":0},"end":{"line":15,"column":42}},"15":{"start":{"line":16,"column":0},"end":{"line":16,"column":52}},"16":{"start":{"line":17,"column":0},"end":{"line":17,"column":61}},"17":{"start":{"line":18,"column":0},"end":{"line":18,"column":3}},"18":{"start":{"line":19,"column":0},"end":{"line":19,"column":65}},"19":{"start":{"line":20,"column":0},"end":{"line":20,"column":47}},"20":{"start":{"line":21,"column":0},"end":{"line":21,"column":27}},"21":{"start":{"line":22,"column":0},"end":{"line":22,"column":1}},"22":{"start":{"line":23,"column":0},"end":{"line":23,"column":0}},"23":{"start":{"line":24,"column":0},"end":{"line":24,"column":3}},"24":{"start":{"line":25,"column":0},"end":{"line":25,"column":61}},"25":{"start":{"line":26,"column":0},"end":{"line":26,"column":3}},"26":{"start":{"line":27,"column":0},"end":{"line":27,"column":34}},"27":{"start":{"line":28,"column":0},"end":{"line":28,"column":28}},"28":{"start":{"line":29,"column":0},"end":{"line":29,"column":17}},"29":{"start":{"line":30,"column":0},"end":{"line":30,"column":11}},"30":{"start":{"line":31,"column":0},"end":{"line":31,"column":41}},"31":{"start":{"line":32,"column":0},"end":{"line":32,"column":1}},"32":{"start":{"line":33,"column":0},"end":{"line":33,"column":0}},"33":{"start":{"line":34,"column":0},"end":{"line":34,"column":3}},"34":{"start":{"line":35,"column":0},"end":{"line":35,"column":33}},"35":{"start":{"line":36,"column":0},"end":{"line":36,"column":46}},"36":{"start":{"line":37,"column":0},"end":{"line":37,"column":32}},"37":{"start":{"line":38,"column":0},"end":{"line":38,"column":61}},"38":{"start":{"line":39,"column":0},"end":{"line":39,"column":3}},"39":{"start":{"line":40,"column":0},"end":{"line":40,"column":41}},"40":{"start":{"line":41,"column":0},"end":{"line":41,"column":18}},"41":{"start":{"line":42,"column":0},"end":{"line":42,"column":26}},"42":{"start":{"line":43,"column":0},"end":{"line":43,"column":23}},"43":{"start":{"line":44,"column":0},"end":{"line":44,"column":51}},"44":{"start":{"line":45,"column":0},"end":{"line":45,"column":0}},"45":{"start":{"line":46,"column":0},"end":{"line":46,"column":39}},"46":{"start":{"line":47,"column":0},"end":{"line":47,"column":59}},"47":{"start":{"line":48,"column":0},"end":{"line":48,"column":0}},"48":{"start":{"line":49,"column":0},"end":{"line":49,"column":20}},"49":{"start":{"line":50,"column":0},"end":{"line":50,"column":54}},"50":{"start":{"line":51,"column":0},"end":{"line":51,"column":29}},"51":{"start":{"line":52,"column":0},"end":{"line":52,"column":20}},"52":{"start":{"line":53,"column":0},"end":{"line":53,"column":87}},"53":{"start":{"line":54,"column":0},"end":{"line":54,"column":6}},"54":{"start":{"line":55,"column":0},"end":{"line":55,"column":3}},"55":{"start":{"line":56,"column":0},"end":{"line":56,"column":0}},"56":{"start":{"line":57,"column":0},"end":{"line":57,"column":35}},"57":{"start":{"line":58,"column":0},"end":{"line":58,"column":1}},"58":{"start":{"line":59,"column":0},"end":{"line":59,"column":0}},"59":{"start":{"line":60,"column":0},"end":{"line":60,"column":3}},"60":{"start":{"line":61,"column":0},"end":{"line":61,"column":39}},"61":{"start":{"line":62,"column":0},"end":{"line":62,"column":46}},"62":{"start":{"line":63,"column":0},"end":{"line":63,"column":40}},"63":{"start":{"line":64,"column":0},"end":{"line":64,"column":36}},"64":{"start":{"line":65,"column":0},"end":{"line":65,"column":64}},"65":{"start":{"line":66,"column":0},"end":{"line":66,"column":3}},"66":{"start":{"line":67,"column":0},"end":{"line":67,"column":42}},"67":{"start":{"line":68,"column":0},"end":{"line":68,"column":19}},"68":{"start":{"line":69,"column":0},"end":{"line":69,"column":28}},"69":{"start":{"line":70,"column":0},"end":{"line":70,"column":17}},"70":{"start":{"line":71,"column":0},"end":{"line":71,"column":18}},"71":{"start":{"line":72,"column":0},"end":{"line":72,"column":23}},"72":{"start":{"line":73,"column":0},"end":{"line":73,"column":51}},"73":{"start":{"line":74,"column":0},"end":{"line":74,"column":0}},"74":{"start":{"line":75,"column":0},"end":{"line":75,"column":25}},"75":{"start":{"line":76,"column":0},"end":{"line":76,"column":50}},"76":{"start":{"line":77,"column":0},"end":{"line":77,"column":0}},"77":{"start":{"line":78,"column":0},"end":{"line":78,"column":61}},"78":{"start":{"line":79,"column":0},"end":{"line":79,"column":0}},"79":{"start":{"line":80,"column":0},"end":{"line":80,"column":30}},"80":{"start":{"line":81,"column":0},"end":{"line":81,"column":52}},"81":{"start":{"line":82,"column":0},"end":{"line":82,"column":29}},"82":{"start":{"line":83,"column":0},"end":{"line":83,"column":20}},"83":{"start":{"line":84,"column":0},"end":{"line":84,"column":90}},"84":{"start":{"line":85,"column":0},"end":{"line":85,"column":6}},"85":{"start":{"line":86,"column":0},"end":{"line":86,"column":3}},"86":{"start":{"line":87,"column":0},"end":{"line":87,"column":0}},"87":{"start":{"line":88,"column":0},"end":{"line":88,"column":39}},"88":{"start":{"line":89,"column":0},"end":{"line":89,"column":51}},"89":{"start":{"line":90,"column":0},"end":{"line":90,"column":1}},"90":{"start":{"line":91,"column":0},"end":{"line":91,"column":0}},"91":{"start":{"line":92,"column":0},"end":{"line":92,"column":3}},"92":{"start":{"line":93,"column":0},"end":{"line":93,"column":25}},"93":{"start":{"line":94,"column":0},"end":{"line":94,"column":46}},"94":{"start":{"line":95,"column":0},"end":{"line":95,"column":40}},"95":{"start":{"line":96,"column":0},"end":{"line":96,"column":3}},"96":{"start":{"line":97,"column":0},"end":{"line":97,"column":78}},"97":{"start":{"line":98,"column":0},"end":{"line":98,"column":23}},"98":{"start":{"line":99,"column":0},"end":{"line":99,"column":51}},"99":{"start":{"line":100,"column":0},"end":{"line":100,"column":0}},"100":{"start":{"line":101,"column":0},"end":{"line":101,"column":39}},"101":{"start":{"line":102,"column":0},"end":{"line":102,"column":42}},"102":{"start":{"line":103,"column":0},"end":{"line":103,"column":1}},"103":{"start":{"line":104,"column":0},"end":{"line":104,"column":0}},"104":{"start":{"line":105,"column":0},"end":{"line":105,"column":3}},"105":{"start":{"line":106,"column":0},"end":{"line":106,"column":41}},"106":{"start":{"line":107,"column":0},"end":{"line":107,"column":65}},"107":{"start":{"line":108,"column":0},"end":{"line":108,"column":31}},"108":{"start":{"line":109,"column":0},"end":{"line":109,"column":45}},"109":{"start":{"line":110,"column":0},"end":{"line":110,"column":3}},"110":{"start":{"line":111,"column":0},"end":{"line":111,"column":40}},"111":{"start":{"line":112,"column":0},"end":{"line":112,"column":24}},"112":{"start":{"line":113,"column":0},"end":{"line":113,"column":22}},"113":{"start":{"line":114,"column":0},"end":{"line":114,"column":40}},"114":{"start":{"line":115,"column":0},"end":{"line":115,"column":68}},"115":{"start":{"line":116,"column":0},"end":{"line":116,"column":0}},"116":{"start":{"line":117,"column":0},"end":{"line":117,"column":39}},"117":{"start":{"line":118,"column":0},"end":{"line":118,"column":56}},"118":{"start":{"line":119,"column":0},"end":{"line":119,"column":16}},"119":{"start":{"line":120,"column":0},"end":{"line":120,"column":45}},"120":{"start":{"line":121,"column":0},"end":{"line":121,"column":32}},"121":{"start":{"line":122,"column":0},"end":{"line":122,"column":1}},"122":{"start":{"line":123,"column":0},"end":{"line":123,"column":0}},"123":{"start":{"line":124,"column":0},"end":{"line":124,"column":3}},"124":{"start":{"line":125,"column":0},"end":{"line":125,"column":34}},"125":{"start":{"line":126,"column":0},"end":{"line":126,"column":46}},"126":{"start":{"line":127,"column":0},"end":{"line":127,"column":48}},"127":{"start":{"line":128,"column":0},"end":{"line":128,"column":40}},"128":{"start":{"line":129,"column":0},"end":{"line":129,"column":3}},"129":{"start":{"line":130,"column":0},"end":{"line":130,"column":78}},"130":{"start":{"line":131,"column":0},"end":{"line":131,"column":23}},"131":{"start":{"line":132,"column":0},"end":{"line":132,"column":51}},"132":{"start":{"line":133,"column":0},"end":{"line":133,"column":0}},"133":{"start":{"line":134,"column":0},"end":{"line":134,"column":39}},"134":{"start":{"line":135,"column":0},"end":{"line":135,"column":39}},"135":{"start":{"line":136,"column":0},"end":{"line":136,"column":1}}},"s":{"0":0,"1":0,"2":0,"3":0,"4":0,"5":0,"6":0,"7":0,"8":0,"9":0,"10":0,"11":0,"12":0,"13":0,"14":0,"15":0,"16":0,"17":0,"18":0,"19":0,"20":0,"21":0,"22":0,"23":0,"24":0,"25":0,"26":0,"27":0,"28":0,"29":0,"30":0,"31":0,"32":0,"33":0,"34":0,"35":0,"36":0,"37":0,"38":0,"39":0,"40":0,"41":0,"42":0,"43":0,"44":0,"45":0,"46":0,"47":0,"48":0,"49":0,"50":0,"51":0,"52":0,"53":0,"54":0,"55":0,"56":0,"57":0,"58":0,"59":0,"60":0,"61":0,"62":0,"63":0,"64":0,"65":0,"66":0,"67":0,"68":0,"69":0,"70":0,"71":0,"72":0,"73":0,"74":0,"75":0,"76":0,"77":0,"78":0,"79":0,"80":0,"81":0,"82":0,"83":0,"84":0,"85":0,"86":0,"87":0,"88":0,"89":0,"90":0,"91":0,"92":0,"93":0,"94":0,"95":0,"96":0,"97":0,"98":0,"99":0,"100":0,"101":0,"102":0,"103":0,"104":0,"105":0,"106":0,"107":0,"108":0,"109":0,"110":0,"111":0,"112":0,"113":0,"114":0,"115":0,"116":0,"117":0,"118":0,"119":0,"120":0,"121":0,"122":0,"123":0,"124":0,"125":0,"126":0,"127":0,"128":0,"129":0,"130":0,"131":0,"132":0,"133":0,"134":0,"135":0},"branchMap":{"0":{"type":"branch","line":1,"loc":{"start":{"line":1,"column":3790},"end":{"line":136,"column":1}},"locations":[{"start":{"line":1,"column":3790},"end":{"line":136,"column":1}}]}},"b":{"0":[0]},"fnMap":{"0":{"name":"(empty-report)","decl":{"start":{"line":1,"column":3790},"end":{"line":136,"column":1}},"loc":{"start":{"line":1,"column":3790},"end":{"line":136,"column":1}},"line":1}},"f":{"0":0}}
,"/Users/nathan/Documents/code/fydemy/packages/cms/packages/core/src/content/storage.ts": {"path":"/Users/nathan/Documents/code/fydemy/packages/cms/packages/core/src/content/storage.ts","all":true,"statementMap":{"0":{"start":{"line":1,"column":0},"end":{"line":1,"column":29}},"1":{"start":{"line":2,"column":0},"end":{"line":2,"column":24}},"2":{"start":{"line":3,"column":0},"end":{"line":3,"column":40}},"3":{"start":{"line":4,"column":0},"end":{"line":4,"column":0}},"4":{"start":{"line":5,"column":0},"end":{"line":5,"column":28}},"5":{"start":{"line":6,"column":0},"end":{"line":6,"column":15}},"6":{"start":{"line":7,"column":0},"end":{"line":7,"column":15}},"7":{"start":{"line":8,"column":0},"end":{"line":8,"column":29}},"8":{"start":{"line":9,"column":0},"end":{"line":9,"column":1}},"9":{"start":{"line":10,"column":0},"end":{"line":10,"column":0}},"10":{"start":{"line":11,"column":0},"end":{"line":11,"column":34}},"11":{"start":{"line":12,"column":0},"end":{"line":12,"column":46}},"12":{"start":{"line":13,"column":0},"end":{"line":13,"column":62}},"13":{"start":{"line":14,"column":0},"end":{"line":14,"column":46}},"14":{"start":{"line":15,"column":0},"end":{"line":15,"column":53}},"15":{"start":{"line":16,"column":0},"end":{"line":16,"column":45}},"16":{"start":{"line":17,"column":0},"end":{"line":17,"column":86}},"17":{"start":{"line":18,"column":0},"end":{"line":18,"column":1}},"18":{"start":{"line":19,"column":0},"end":{"line":19,"column":0}},"19":{"start":{"line":20,"column":0},"end":{"line":20,"column":3}},"20":{"start":{"line":21,"column":0},"end":{"line":21,"column":46}},"21":{"start":{"line":22,"column":0},"end":{"line":22,"column":3}},"22":{"start":{"line":23,"column":0},"end":{"line":23,"column":54}},"23":{"start":{"line":24,"column":0},"end":{"line":24,"column":26}},"24":{"start":{"line":25,"column":0},"end":{"line":25,"column":0}},"25":{"start":{"line":26,"column":0},"end":{"line":26,"column":51}},"26":{"start":{"line":27,"column":0},"end":{"line":27,"column":27}},"27":{"start":{"line":28,"column":0},"end":{"line":28,"column":3}},"28":{"start":{"line":29,"column":0},"end":{"line":29,"column":0}},"29":{"start":{"line":30,"column":0},"end":{"line":30,"column":49}},"30":{"start":{"line":31,"column":0},"end":{"line":31,"column":60}},"31":{"start":{"line":32,"column":0},"end":{"line":32,"column":3}},"32":{"start":{"line":33,"column":0},"end":{"line":33,"column":0}},"33":{"start":{"line":34,"column":0},"end":{"line":34,"column":53}},"34":{"start":{"line":35,"column":0},"end":{"line":35,"column":48}},"35":{"start":{"line":36,"column":0},"end":{"line":36,"column":42}},"36":{"start":{"line":37,"column":0},"end":{"line":37,"column":3}},"37":{"start":{"line":38,"column":0},"end":{"line":38,"column":0}},"38":{"start":{"line":39,"column":0},"end":{"line":39,"column":69}},"39":{"start":{"line":40,"column":0},"end":{"line":40,"column":48}},"40":{"start":{"line":41,"column":0},"end":{"line":41,"column":64}},"41":{"start":{"line":42,"column":0},"end":{"line":42,"column":51}},"42":{"start":{"line":43,"column":0},"end":{"line":43,"column":3}},"43":{"start":{"line":44,"column":0},"end":{"line":44,"column":0}},"44":{"start":{"line":45,"column":0},"end":{"line":45,"column":53}},"45":{"start":{"line":46,"column":0},"end":{"line":46,"column":48}},"46":{"start":{"line":47,"column":0},"end":{"line":47,"column":30}},"47":{"start":{"line":48,"column":0},"end":{"line":48,"column":3}},"48":{"start":{"line":49,"column":0},"end":{"line":49,"column":0}},"49":{"start":{"line":50,"column":0},"end":{"line":50,"column":60}},"50":{"start":{"line":51,"column":0},"end":{"line":51,"column":49}},"51":{"start":{"line":52,"column":0},"end":{"line":52,"column":9}},"52":{"start":{"line":53,"column":0},"end":{"line":53,"column":74}},"53":{"start":{"line":54,"column":0},"end":{"line":54,"column":20}},"54":{"start":{"line":55,"column":0},"end":{"line":55,"column":26}},"55":{"start":{"line":56,"column":0},"end":{"line":56,"column":49}},"56":{"start":{"line":57,"column":0},"end":{"line":57,"column":27}},"57":{"start":{"line":58,"column":0},"end":{"line":58,"column":35}},"58":{"start":{"line":59,"column":0},"end":{"line":59,"column":36}},"59":{"start":{"line":60,"column":0},"end":{"line":60,"column":32}},"60":{"start":{"line":61,"column":0},"end":{"line":61,"column":11}},"61":{"start":{"line":62,"column":0},"end":{"line":62,"column":16}},"62":{"start":{"line":63,"column":0},"end":{"line":63,"column":77}},"63":{"start":{"line":64,"column":0},"end":{"line":64,"column":10}},"64":{"start":{"line":65,"column":0},"end":{"line":65,"column":21}},"65":{"start":{"line":66,"column":0},"end":{"line":66,"column":16}},"66":{"start":{"line":67,"column":0},"end":{"line":67,"column":5}},"67":{"start":{"line":68,"column":0},"end":{"line":68,"column":3}},"68":{"start":{"line":69,"column":0},"end":{"line":69,"column":0}},"69":{"start":{"line":70,"column":0},"end":{"line":70,"column":52}},"70":{"start":{"line":71,"column":0},"end":{"line":71,"column":9}},"71":{"start":{"line":72,"column":0},"end":{"line":72,"column":50}},"72":{"start":{"line":73,"column":0},"end":{"line":73,"column":32}},"73":{"start":{"line":74,"column":0},"end":{"line":74,"column":18}},"74":{"start":{"line":75,"column":0},"end":{"line":75,"column":13}},"75":{"start":{"line":76,"column":0},"end":{"line":76,"column":19}},"76":{"start":{"line":77,"column":0},"end":{"line":77,"column":5}},"77":{"start":{"line":78,"column":0},"end":{"line":78,"column":3}},"78":{"start":{"line":79,"column":0},"end":{"line":79,"column":0}},"79":{"start":{"line":80,"column":0},"end":{"line":80,"column":71}},"80":{"start":{"line":81,"column":0},"end":{"line":81,"column":49}},"81":{"start":{"line":82,"column":0},"end":{"line":82,"column":79}},"82":{"start":{"line":83,"column":0},"end":{"line":83,"column":66}},"83":{"start":{"line":84,"column":0},"end":{"line":84,"column":43}},"84":{"start":{"line":85,"column":0},"end":{"line":85,"column":0}},"85":{"start":{"line":86,"column":0},"end":{"line":86,"column":29}},"86":{"start":{"line":87,"column":0},"end":{"line":87,"column":34}},"87":{"start":{"line":88,"column":0},"end":{"line":88,"column":3}},"88":{"start":{"line":89,"column":0},"end":{"line":89,"column":1}},"89":{"start":{"line":90,"column":0},"end":{"line":90,"column":0}},"90":{"start":{"line":91,"column":0},"end":{"line":91,"column":3}},"91":{"start":{"line":92,"column":0},"end":{"line":92,"column":34}},"92":{"start":{"line":93,"column":0},"end":{"line":93,"column":3}},"93":{"start":{"line":94,"column":0},"end":{"line":94,"column":55}},"94":{"start":{"line":95,"column":0},"end":{"line":95,"column":27}},"95":{"start":{"line":96,"column":0},"end":{"line":96,"column":24}},"96":{"start":{"line":97,"column":0},"end":{"line":97,"column":23}},"97":{"start":{"line":98,"column":0},"end":{"line":98,"column":25}},"98":{"start":{"line":99,"column":0},"end":{"line":99,"column":26}},"99":{"start":{"line":100,"column":0},"end":{"line":100,"column":0}},"100":{"start":{"line":101,"column":0},"end":{"line":101,"column":17}},"101":{"start":{"line":102,"column":0},"end":{"line":102,"column":43}},"102":{"start":{"line":103,"column":0},"end":{"line":103,"column":45}},"103":{"start":{"line":104,"column":0},"end":{"line":104,"column":0}},"104":{"start":{"line":105,"column":0},"end":{"line":105,"column":30}},"105":{"start":{"line":106,"column":0},"end":{"line":106,"column":22}},"106":{"start":{"line":107,"column":0},"end":{"line":107,"column":65}},"107":{"start":{"line":108,"column":0},"end":{"line":108,"column":8}},"108":{"start":{"line":109,"column":0},"end":{"line":109,"column":5}},"109":{"start":{"line":110,"column":0},"end":{"line":110,"column":0}},"110":{"start":{"line":111,"column":0},"end":{"line":111,"column":46}},"111":{"start":{"line":112,"column":0},"end":{"line":112,"column":26}},"112":{"start":{"line":113,"column":0},"end":{"line":113,"column":68}},"113":{"start":{"line":114,"column":0},"end":{"line":114,"column":5}},"114":{"start":{"line":115,"column":0},"end":{"line":115,"column":0}},"115":{"start":{"line":116,"column":0},"end":{"line":116,"column":48}},"116":{"start":{"line":117,"column":0},"end":{"line":117,"column":23}},"117":{"start":{"line":118,"column":0},"end":{"line":118,"column":21}},"118":{"start":{"line":119,"column":0},"end":{"line":119,"column":54}},"119":{"start":{"line":120,"column":0},"end":{"line":120,"column":36}},"120":{"start":{"line":121,"column":0},"end":{"line":121,"column":3}},"121":{"start":{"line":122,"column":0},"end":{"line":122,"column":0}},"122":{"start":{"line":123,"column":0},"end":{"line":123,"column":51}},"123":{"start":{"line":124,"column":0},"end":{"line":124,"column":41}},"124":{"start":{"line":125,"column":0},"end":{"line":125,"column":3}},"125":{"start":{"line":126,"column":0},"end":{"line":126,"column":0}},"126":{"start":{"line":127,"column":0},"end":{"line":127,"column":53}},"127":{"start":{"line":128,"column":0},"end":{"line":128,"column":58}},"128":{"start":{"line":129,"column":0},"end":{"line":129,"column":24}},"129":{"start":{"line":130,"column":0},"end":{"line":130,"column":22}},"130":{"start":{"line":131,"column":0},"end":{"line":131,"column":41}},"131":{"start":{"line":132,"column":0},"end":{"line":132,"column":23}},"132":{"start":{"line":133,"column":0},"end":{"line":133,"column":7}},"133":{"start":{"line":134,"column":0},"end":{"line":134,"column":0}},"134":{"start":{"line":135,"column":0},"end":{"line":135,"column":28}},"135":{"start":{"line":136,"column":0},"end":{"line":136,"column":67}},"136":{"start":{"line":137,"column":0},"end":{"line":137,"column":5}},"137":{"start":{"line":138,"column":0},"end":{"line":138,"column":38}},"138":{"start":{"line":139,"column":0},"end":{"line":139,"column":3}},"139":{"start":{"line":140,"column":0},"end":{"line":140,"column":0}},"140":{"start":{"line":141,"column":0},"end":{"line":141,"column":69}},"141":{"start":{"line":142,"column":0},"end":{"line":142,"column":52}},"142":{"start":{"line":143,"column":0},"end":{"line":143,"column":32}},"143":{"start":{"line":144,"column":0},"end":{"line":144,"column":0}},"144":{"start":{"line":145,"column":0},"end":{"line":145,"column":35}},"145":{"start":{"line":146,"column":0},"end":{"line":146,"column":9}},"146":{"start":{"line":147,"column":0},"end":{"line":147,"column":60}},"147":{"start":{"line":148,"column":0},"end":{"line":148,"column":26}},"148":{"start":{"line":149,"column":0},"end":{"line":149,"column":24}},"149":{"start":{"line":150,"column":0},"end":{"line":150,"column":25}},"150":{"start":{"line":151,"column":0},"end":{"line":151,"column":25}},"151":{"start":{"line":152,"column":0},"end":{"line":152,"column":9}},"152":{"start":{"line":153,"column":0},"end":{"line":153,"column":26}},"153":{"start":{"line":154,"column":0},"end":{"line":154,"column":23}},"154":{"start":{"line":155,"column":0},"end":{"line":155,"column":7}},"155":{"start":{"line":156,"column":0},"end":{"line":156,"column":21}},"156":{"start":{"line":157,"column":0},"end":{"line":157,"column":38}},"157":{"start":{"line":158,"column":0},"end":{"line":158,"column":5}},"158":{"start":{"line":159,"column":0},"end":{"line":159,"column":0}},"159":{"start":{"line":160,"column":0},"end":{"line":160,"column":57}},"160":{"start":{"line":161,"column":0},"end":{"line":161,"column":24}},"161":{"start":{"line":162,"column":0},"end":{"line":162,"column":22}},"162":{"start":{"line":163,"column":0},"end":{"line":163,"column":23}},"163":{"start":{"line":164,"column":0},"end":{"line":164,"column":36}},"164":{"start":{"line":165,"column":0},"end":{"line":165,"column":55}},"165":{"start":{"line":166,"column":0},"end":{"line":166,"column":26}},"166":{"start":{"line":167,"column":0},"end":{"line":167,"col
[...]
mn":0},"end":{"line":25,"column":50}},"25":{"start":{"line":26,"column":0},"end":{"line":26,"column":41}},"26":{"start":{"line":27,"column":0},"end":{"line":27,"column":3}},"27":{"start":{"line":28,"column":0},"end":{"line":28,"column":0}},"28":{"start":{"line":29,"column":0},"end":{"line":29,"column":26}},"29":{"start":{"line":30,"column":0},"end":{"line":30,"column":34}},"30":{"start":{"line":31,"column":0},"end":{"line":31,"column":61}},"31":{"start":{"line":32,"column":0},"end":{"line":32,"column":3}},"32":{"start":{"line":33,"column":0},"end":{"line":33,"column":0}},"33":{"start":{"line":34,"column":0},"end":{"line":34,"column":64}},"34":{"start":{"line":35,"column":0},"end":{"line":35,"column":32}},"35":{"start":{"line":36,"column":0},"end":{"line":36,"column":71}},"36":{"start":{"line":37,"column":0},"end":{"line":37,"column":3}},"37":{"start":{"line":38,"column":0},"end":{"line":38,"column":0}},"38":{"start":{"line":39,"column":0},"end":{"line":39,"column":23}},"39":{"start":{"line":40,"column":0},"end":{"line":40,"column":79}},"40":{"start":{"line":41,"column":0},"end":{"line":41,"column":0}},"41":{"start":{"line":42,"column":0},"end":{"line":42,"column":74}},"42":{"start":{"line":43,"column":0},"end":{"line":43,"column":66}},"43":{"start":{"line":44,"column":0},"end":{"line":44,"column":71}},"44":{"start":{"line":45,"column":0},"end":{"line":45,"column":3}},"45":{"start":{"line":46,"column":0},"end":{"line":46,"column":0}},"46":{"start":{"line":47,"column":0},"end":{"line":47,"column":51}},"47":{"start":{"line":48,"column":0},"end":{"line":48,"column":29}},"48":{"start":{"line":49,"column":0},"end":{"line":49,"column":11}},"49":{"start":{"line":50,"column":0},"end":{"line":50,"column":13}},"50":{"start":{"line":51,"column":0},"end":{"line":51,"column":16}},"51":{"start":{"line":52,"column":0},"end":{"line":52,"column":11}},"52":{"start":{"line":53,"column":0},"end":{"line":53,"column":78}},"53":{"start":{"line":54,"column":0},"end":{"line":54,"column":4}},"54":{"start":{"line":55,"column":0},"end":{"line":55,"column":0}},"55":{"start":{"line":56,"column":0},"end":{"line":56,"column":44}},"56":{"start":{"line":57,"column":0},"end":{"line":57,"column":35}},"57":{"start":{"line":58,"column":0},"end":{"line":58,"column":74}},"58":{"start":{"line":59,"column":0},"end":{"line":59,"column":5}},"59":{"start":{"line":60,"column":0},"end":{"line":60,"column":3}},"60":{"start":{"line":61,"column":0},"end":{"line":61,"column":0}},"61":{"start":{"line":62,"column":0},"end":{"line":62,"column":20}},"62":{"start":{"line":63,"column":0},"end":{"line":63,"column":1}},"63":{"start":{"line":64,"column":0},"end":{"line":64,"column":0}},"64":{"start":{"line":65,"column":0},"end":{"line":65,"column":3}},"65":{"start":{"line":66,"column":0},"end":{"line":66,"column":26}},"66":{"start":{"line":67,"column":0},"end":{"line":67,"column":45}},"67":{"start":{"line":68,"column":0},"end":{"line":68,"column":25}},"68":{"start":{"line":69,"column":0},"end":{"line":69,"column":27}},"69":{"start":{"line":70,"column":0},"end":{"line":70,"column":3}},"70":{"start":{"line":71,"column":0},"end":{"line":71,"column":61}},"71":{"start":{"line":72,"column":0},"end":{"line":72,"column":50}},"72":{"start":{"line":73,"column":0},"end":{"line":73,"column":44}},"73":{"start":{"line":74,"column":0},"end":{"line":74,"column":3}},"74":{"start":{"line":75,"column":0},"end":{"line":75,"column":0}},"75":{"start":{"line":76,"column":0},"end":{"line":76,"column":46}},"76":{"start":{"line":77,"column":0},"end":{"line":77,"column":20}},"77":{"start":{"line":78,"column":0},"end":{"line":78,"column":66}},"78":{"start":{"line":79,"column":0},"end":{"line":79,"column":6}},"79":{"start":{"line":80,"column":0},"end":{"line":80,"column":3}},"80":{"start":{"line":81,"column":0},"end":{"line":81,"column":0}},"81":{"start":{"line":82,"column":0},"end":{"line":82,"column":48}},"82":{"start":{"line":83,"column":0},"end":{"line":83,"column":43}},"83":{"start":{"line":84,"column":0},"end":{"line":84,"column":20}},"84":{"start":{"line":85,"column":0},"end":{"line":85,"column":77}},"85":{"start":{"line":86,"column":0},"end":{"line":86,"column":6}},"86":{"start":{"line":87,"column":0},"end":{"line":87,"column":3}},"87":{"start":{"line":88,"column":0},"end":{"line":88,"column":0}},"88":{"start":{"line":89,"column":0},"end":{"line":89,"column":14}},"89":{"start":{"line":90,"column":0},"end":{"line":90,"column":1}},"90":{"start":{"line":91,"column":0},"end":{"line":91,"column":0}},"91":{"start":{"line":92,"column":0},"end":{"line":92,"column":3}},"92":{"start":{"line":93,"column":0},"end":{"line":93,"column":26}},"93":{"start":{"line":94,"column":0},"end":{"line":94,"column":45}},"94":{"start":{"line":95,"column":0},"end":{"line":95,"column":25}},"95":{"start":{"line":96,"column":0},"end":{"line":96,"column":27}},"96":{"start":{"line":97,"column":0},"end":{"line":97,"column":3}},"97":{"start":{"line":98,"column":0},"end":{"line":98,"column":61}},"98":{"start":{"line":99,"column":0},"end":{"line":99,"column":50}},"99":{"start":{"line":100,"column":0},"end":{"line":100,"column":44}},"100":{"start":{"line":101,"column":0},"end":{"line":101,"column":3}},"101":{"start":{"line":102,"column":0},"end":{"line":102,"column":0}},"102":{"start":{"line":103,"column":0},"end":{"line":103,"column":46}},"103":{"start":{"line":104,"column":0},"end":{"line":104,"column":20}},"104":{"start":{"line":105,"column":0},"end":{"line":105,"column":66}},"105":{"start":{"line":106,"column":0},"end":{"line":106,"column":6}},"106":{"start":{"line":107,"column":0},"end":{"line":107,"column":3}},"107":{"start":{"line":108,"column":0},"end":{"line":108,"column":0}},"108":{"start":{"line":109,"column":0},"end":{"line":109,"column":14}},"109":{"start":{"line":110,"column":0},"end":{"line":110,"column":1}},"110":{"start":{"line":111,"column":0},"end":{"line":111,"column":0}},"111":{"start":{"line":112,"column":0},"end":{"line":112,"column":3}},"112":{"start":{"line":113,"column":0},"end":{"line":113,"column":21}},"113":{"start":{"line":114,"column":0},"end":{"line":114,"column":35}},"114":{"start":{"line":115,"column":0},"end":{"line":115,"column":25}},"115":{"start":{"line":116,"column":0},"end":{"line":116,"column":29}},"116":{"start":{"line":117,"column":0},"end":{"line":117,"column":3}},"117":{"start":{"line":118,"column":0},"end":{"line":118,"column":57}},"118":{"start":{"line":119,"column":0},"end":{"line":119,"column":29}},"119":{"start":{"line":120,"column":0},"end":{"line":120,"column":20}},"120":{"start":{"line":121,"column":0},"end":{"line":121,"column":51}},"121":{"start":{"line":122,"column":0},"end":{"line":122,"column":35}},"122":{"start":{"line":123,"column":0},"end":{"line":123,"column":10}},"123":{"start":{"line":124,"column":0},"end":{"line":124,"column":6}},"124":{"start":{"line":125,"column":0},"end":{"line":125,"column":3}},"125":{"start":{"line":126,"column":0},"end":{"line":126,"column":0}},"126":{"start":{"line":127,"column":0},"end":{"line":127,"column":14}},"127":{"start":{"line":128,"column":0},"end":{"line":128,"column":1}},"128":{"start":{"line":129,"column":0},"end":{"line":129,"column":0}},"129":{"start":{"line":130,"column":0},"end":{"line":130,"column":3}},"130":{"start":{"line":131,"column":0},"end":{"line":131,"column":49}},"131":{"start":{"line":132,"column":0},"end":{"line":132,"column":44}},"132":{"start":{"line":133,"column":0},"end":{"line":133,"column":26}},"133":{"start":{"line":134,"column":0},"end":{"line":134,"column":3}},"134":{"start":{"line":135,"column":0},"end":{"line":135,"column":36}},"135":{"start":{"line":136,"column":0},"end":{"line":136,"column":27}},"136":{"start":{"line":137,"column":0},"end":{"line":137,"column":24}},"137":{"start":{"line":138,"column":0},"end":{"line":138,"column":44}},"138":{"start":{"line":139,"column":0},"end":{"line":139,"column":0}},"139":{"start":{"line":140,"column":0},"end":{"line":140,"column":52}},"140":{"start":{"line":141,"column":0},"end":{"line":141,"column":19}},"141":{"start":{"line":142,"column":0},"end":{"line":142,"column":40}},"142":{"start":{"line":143,"column":0},"end":{"line":143,"column":36}},"143":{"start":{"line":144,"column":0},"end":{"line":144,"column":5}},"144":{"start":{"line":145,"column":0},"end":{"line":145,"column":0}},"145":{"start":{"line":146,"column":0},"end":{"line":146,"column":35}},"146":{"start":{"line":147,"column":0},"end":{"line":147,"column":36}},"147":{"start":{"line":148,"column":0},"end":{"line":148,"column":26}},"148":{"start":{"line":149,"column":0},"end":{"line":149,"column":50}},"149":{"start":{"line":150,"column":0},"end":{"line":150,"column":15}},"150":{"start":{"line":151,"column":0},"end":{"line":151,"column":34}},"151":{"start":{"line":152,"column":0},"end":{"line":152,"column":35}},"152":{"start":{"line":153,"column":0},"end":{"line":153,"column":20}},"153":{"start":{"line":154,"column":0},"end":{"line":154,"column":7}},"154":{"start":{"line":155,"column":0},"end":{"line":155,"column":29}},"155":{"start":{"line":156,"column":0},"end":{"line":156,"column":38}},"156":{"start":{"line":157,"column":0},"end":{"line":157,"column":42}},"157":{"start":{"line":158,"column":0},"end":{"line":158,"column":67}},"158":{"start":{"line":159,"column":0},"end":{"line":159,"column":8}},"159":{"start":{"line":160,"column":0},"end":{"line":160,"column":43}},"160":{"start":{"line":161,"column":0},"end":{"line":161,"column":50}},"161":{"start":{"line":162,"column":0},"end":{"line":162,"column":5}},"162":{"start":{"line":163,"column":0},"end":{"line":163,"column":3}},"163":{"start":{"line":164,"column":0},"end":{"line":164,"column":0}},"164":{"start":{"line":165,"column":0},"end":{"line":165,"column":19}},"165":{"start":{"line":166,"column":0},"end":{"line":166,"column":1}}},"s":{"0":1,"1":1,"2":1,"3":1,"4":1,"5":1,"6":1,"7":1,"8":1,"9":1,"10":1,"11":1,"12":1,"13":1,"14":1,"15":1,"16":1,"17":1,"18":1,"19":1,"20":1,"21":1,"22":1,"23":1,"24":9,"25":0,"26":0,"27":9,"28":9,"29":9,"30":1,"31":1,"32":8,"33":8,"34":9,"35":2,"36":2,"37":6,"38":6,"39":6,"40":6,"41":6,"42":9,"43":1,"44":1,"45":5,"46":5,"47":5,"48":5,"49":5,"50":5,"51":5,"52":5,"53":5,"54":5,"55":9,"56":23,"57":3,"58":3,"59":23,"60":2,"61":2,"62":2,"63":1,"64":1,"65":1,"66":1,"67":1,"68":1,"69":1,"70":1,"71":216,"72":1,"73":1,"74":215,"75":216,"76":2,"77":2,"78":2,"79":2,"80":213,"81":213,"82":216,"83":4,"84":4,"85":4,"86":4,"87":209,"88":209,"89":209,"90":1,"91":1,"92":1,"93":1,"94":1,"95":1,"96":1,"97":1,"98":210,"99":1,"100":1,"101":209,"102":210,"103":2,"104":2,"105":2,"106":2,"107":207,"108":207,"109":207,"110":1,"111":1,"112":1,"113":1,"114":1,"115":1,"116":1,"117":1,"118":3,"119":1,"120":1,"121":1,"122":1,"123":1,"124":1,"125":2,"126":2,"127":2,"128":1,"129":1,"130":1,"131":1,"132":1,"133":1,"134":1,"135":7,"136":7,"137":7,"138":7,"139":7,"140":15,"141":15,"142":1,"143":1,"144":14,"145":14,"146":15,"147":7,"148":7,"149":7,"150":7,"151":5,"152":3,"153":7,"154":5,"155":7,"156":1,"157":3,"158":1,"159":1,"160":1,"161":1,"162":15,"163":7,"164":7,"165":7},"branchMap":{"0":{"type":"branch","line":24,"loc":{"start":{"line":24,"column":7},"end":{"line":63,"column":1}},"locations":[{"start":{"line":24,"column":7},"end":{"line":63,"column":1}}]},"1":{"type":"branch","line":25,"loc":{"start":{"line":25,"column":49},"end":{"line":27,"column":3}},"locations":[{"start":{"line":25,"column":49},"end":{"line":27,"column":3}}]},"2":{"type":"branch","line":30,"loc":{"start":{"line":30,"column":33},"end":{"line":32,"column":3}},"locations":[{"start":{"line":30,"column":33},"end":{"line":32,"column":3}}]},"3":{"type":"branch","line":32,"loc":{"start":{"line":32,"column":2},"end":{"line":35,"column":31}},"locations":[{"start":{"line":32,"column":2},"end":{"line":35,"column":31}}]},"4":{"type":"branch","line":35,"loc":{"start":{"line":35,"column":31},"end":{"line":37,"column":3}},"locations":[{"start":{"line":35,"column":31},"end":{"line":37,"column":3}}]},"5":{"type":"branch","line":37,"loc":{"start":{"line":37,"column":2},"end":{"line":43,"column":36}},"locations":[{"start":{"line":37,"column":2},"end":{"line":43,"column":36}}]},"6":{"type":"branch","line":43,"loc":{"start":{"line":43,"column":31},"end":{"line":43,"column":65}},"locations":[{"start":{"line":43,"column":31},"end":{"line":43,"column":65}}]},"7":{"type":"branch","line":43,"loc":{"start":{"line":43,"column":65},"end":{"line":45,"column":3}},"locations":[{"start":{"line":43,"column":65},"end":{"line":45,"column":3}}]},"8":{"type":"branch","line":45,"loc":{"start":{"line":45,"column":2},"end":{"line":56,"column":43}},"locations":[{"start":{"line":45,"column":2},"end":{"line":56,"column":43}}]},"9":{"type":"branch","line":56,"loc":{"start":{"line":56,"column":43},"end":{"line":60,"column":3}},"locations":[{"start":{"line":56,"column":43},"end":{"line":60,"column":3}}]},"10":{"type":"branch","line":57,"loc":{"start":{"line":57,"column":34},"end":{"line":59,"column":5}},"locations":[{"start":{"line":57,"column":34},"end":{"line":59,"column":5}}]},"11":{"type":"branch","line":60,"loc":{"start":{"line":60,"column":2},"end":{"line":63,"column":1}},"locations":[{"start":{"line":60,"column":2},"end":{"line":63,"column":1}}]},"12":{"type":"branch","line":71,"loc":{"start":{"line":71,"column":7},"end":{"line":90,"column":1}},"locations":[{"start":{"line":71,"column":7},"end":{"line":90,"column":1}}]},"13":{"type":"branch","line":72,"loc":{"start":{"line":72,"column":7},"end":{"line":72,"column":49}},"locations":[{"start":{"line":72,"column":7},"end":{"line":72,"column":49}}]},"14":{"type":"branch","line":72,"loc":{"start":{"line":72,"column":49},"end":{"line":74,"column":3}},"locations":[{"start":{"line":72,"column":49},"end":{"line":74,"column":3}}]},"15":{"type":"branch","line":74,"loc":{"start":{"line":74,"column":2},"end":{"line":76,"column":45}},"locations":[{"start":{"line":74,"column":2},"end":{"line":76,"column":45}}]},"16":{"type":"branch","line":76,"loc":{"start":{"line":76,"column":45},"end":{"line":80,"column":3}},"locations":[{"start":{"line":76,"column":45},"end":{"line":80,"column":3}}]},"17":{"type":"branch","line":80,"loc":{"start":{"line":80,"column":2},"end":{"line":83,"column":42}},"locations":[{"start":{"line":80,"column":2},"end":{"line":83,"column":42}}]},"18":{"type":"branch","line":83,"loc":{"start":{"line":83,"column":42},"end":{"line":90,"column":1}},"locations":[{"start":{"line":83,"column":42},"end":{"line":90,"column":1}}]},"19":{"type":"branch","line":83,"loc":{"start":{"line":83,"column":42},"end":{"line":87,"column":3}},"locations":[{"start":{"line":83,"column":42},"end":{"line":87,"column":3}}]},"20":{"type":"branch","line":87,"loc":{"start":{"line":87,"column":2},"end":{"line":90,"column":1}},"locations":[{"start":{"line":87,"column":2},"end":{"line":90,"column":1}}]},"21":{"type":"branch","line":98,"loc":{"start":{"line":98,"column":7},"end":{"line":110,"column":1}},"locations":[{"start":{"line":98,"column":7},"end":{"line":110,"column":1}}]},"22":{"type":"branch","line":99,"loc":{"start":{"line":99,"column":7},"end":{"line":99,"column":49}},"locations":[{"start":{"line":99,"column":7},"end":{"line":99,"column":49}}]},"23":{"type":"branch","line":99,"loc":{"start":{"line":99,"column":49},"end":{"line":101,"column":3}},"locations":[{"start":{"line":99,"column":49},"end":{"line":101,"column":3}}]},"24":{"type":"branch","line":101,"loc":{"start":{"line":101,"column":2},"end":{"line":103,"column":45}},"locations":[{"start":{"line":101,"column":2},"end":{"line":103,"column":45}}]},"25":{"type":"branch","line":103,"loc":{"start":{"line":103,"column":45},"end":{"line":107,"column":3}},"locations":[{"start":{"line":103,"column":45},"end":{"line":107,"column":3}}]},"26":{"type":"branch","line":107,"loc":{"start":{"line":107,"column":2},"end":{"line":110,"column":1}},"locations":[{"start":{"line":107,"column":2},"end":{"line":110,"column":1}}]},"27":{"type":"branch","line":118,"loc":{"start":{"line":118,"column":7},"end":{"line":128,"column":1}},"locations":[{"start":{"line":118,"column":7},"end":{"line":128,"column":1}}]},"28":{"type":"branch","line":119,"loc":{"start":{"line":119,"column":28},"end":{"line":125,"column":3}},"locations":[{"start":{"line":119,"column":28},"end":{"line":125,"column":3}}]},"29":{"type":"branch","line":125,"loc":{"start":{"line":125,"column":2},"end":{"line":128,"column":1}},"locations":[{"start":{"line":125,"column":2},"end":{"line":128,"column":1}}]},"30":{"type":"branch","line":135,"loc":{"start":{"line":135,"column":7},"end":{"line":166,"column":1}},"locations":[{"start":{"line":135,"column":7},"end":{"line":166,"column":1}}]},"31":{"type":"branch","line":140,"loc":{"start":{"line":140,"column":51},"end":{"line":163,"column":3}},"locations":[{"start":{"line":140,"column":51},"end":{"line":163,"column":3}}]},"32":{"type":"branch","line":142,"loc":{"start":{"line":142,"column":39},"end":{"line":144,"column":5}},"locations":[{"start":{"line":142,"column":39},"end":{"line":144,"column":5}}]},"33":{"type":"branch","line":144,"loc":{"start":{"line":144,"column":4},"end":{"line":147,"column":35}},"locations":[{"start":{"line":144,"column":4},"end":{"line":147,"column":35}}]},"34":{"type":"branch","line":147,"loc":{"start":{"line":147,"column":35},"end":{"line":162,"column":5}},"locations":[{"start":{"line":147,"column":35},"end":{"line":162,"column":5}}]},"35":{"type":"branch","line":151,"loc":{"start":{"line":151,"column":23},"end":{"line":152,"column":35}},"locations":[{"start":{"line":151,"column":23},"end":{"line":152,"column":35}}]},"36":{"type":"branch","line":152,"loc":{"start":{"line":152,"column":23},"end":{"line":153,"column":20}},"locations":[{"start":{"line":152,"column":23},"end":{"line":153,"column":20}}]},"37":{"type":"branch","line":154,"loc":{"start":{"line":154,"column":6},"end":{"line":156,"column":15}},"locations":[{"start":{"line":154,"column":6},"end":{"line":156,"column":15}}]},"38":{"type":"branch","line":156,"loc":{"start":{"line":156,"column":4},"end":{"line":162,"column":5}},"locations":[{"start":{"line":156,"column":4},"end":{"line":162,"column":5}}]},"39":{"type":"branch","line":156,"loc":{"start":{"line":156,"column":37},"end":{"line":162,"column":5}},"locations":[{"start":{"line":156,"column":37},"end":{"line":162,"column":5}}]},"40":{"type":"branch","line":157,"loc":{"start":{"line":157,"column":33},"end":{"line":158,"column":67}},"locations":[{"start":{"line":157,"column":33},"end":{"line":158,"column":67}}]},"41":{"type":"branch","line":158,"loc":{"start":{"line":158,"column":59},"end":{"line":158,"column":67}},"locations":[{"start":{"line":158,"column":59},"end":{"line":158,"column":67}}]}},"b":{"0":[9],"1":[0],"2":[1],"3":[8],"4":[2],"5":[6],"6":[5],"7":[1],"8":[5],"9":[23],"10":[3],"11":[2],"12":[216],"13":[215],"14":[1],"15":[215],"16":[2],"17":[213],"18":[211],"19":[4],"20":[209],"21":[210],"22":[209],"23":[1],"24":[209],"25":[2],"26":[207],"27":[3],"28":[1],"29":[2],"30":[7],"31":[15],"32":[1],"33":[14],"34":[7],"35":[5],"36":[3],"37":[5],"38":[2],"39":[1],"40":[3],"41":[0]},"fnMap":{"0":{"name":"validateFilePath","decl":{"start":{"line":24,"column":7},"end":{"line":63,"column":1}},"loc":{"start":{"line":24,"column":7},"end":{"line":63,"column":1}},"line":24},"1":{"name":"validateUsername","decl":{"start":{"line":71,"column":7},"end":{"line":90,"column":1}},"loc":{"start":{"line":71,"column":7},"end":{"line":90,"column":1}},"line":71},"2":{"name":"validatePassword","decl":{"start":{"line":98,"column":7},"end":{"line":110,"column":1}},"loc":{"start":{"line":98,"column":7},"end":{"line":110,"column":1}},"line":98},"3":{"name":"validateFileSize","decl":{"start":{"line":118,"column":7},"end":{"line":128,"column":1}},"loc":{"start":{"line":118,"column":7},"end":{"line":128,"column":1}},"line":118},"4":{"name":"sanitizeFrontmatter","decl":{"start":{"line":135,"column":7},"end":{"line":166,"column":1}},"loc":{"start":{"line":135,"column":7},"end":{"line":166,"column":1}},"line":135}},"f":{"0":9,"1":216,"2":210,"3":3,"4":7}}
}
